# gmm-acc-stats-ali exp/mono/1.mdl "ark,s,cs:apply-cmvn  --utt2spk=ark:data/train/split4/3/utt2spk scp:data/train/split4/3/cmvn.scp scp:data/train/split4/3/feats.scp ark:- | add-deltas  ark:- ark:- |" "ark:gunzip -c exp/mono/ali.3.gz|" exp/mono/1.3.acc 
# Started at Sat Aug 31 07:43:33 UTC 2024
#
gmm-acc-stats-ali exp/mono/1.mdl 'ark,s,cs:apply-cmvn  --utt2spk=ark:data/train/split4/3/utt2spk scp:data/train/split4/3/cmvn.scp scp:data/train/split4/3/feats.scp ark:- | add-deltas  ark:- ark:- |' 'ark:gunzip -c exp/mono/ali.3.gz|' exp/mono/1.3.acc 
add-deltas ark:- ark:- 
apply-cmvn --utt2spk=ark:data/train/split4/3/utt2spk scp:data/train/split4/3/cmvn.scp scp:data/train/split4/3/feats.scp ark:- 
WARNING (gmm-acc-stats-ali[5.5.1139~1-67548]:main():gmm-acc-stats-ali.cc:79) No alignment for utterance 441-128982-0034
WARNING (gmm-acc-stats-ali[5.5.1139~1-67548]:main():gmm-acc-stats-ali.cc:79) No alignment for utterance 441-128988-0020
WARNING (gmm-acc-stats-ali[5.5.1139~1-67548]:main():gmm-acc-stats-ali.cc:79) No alignment for utterance 441-130108-0010
WARNING (gmm-acc-stats-ali[5.5.1139~1-67548]:main():gmm-acc-stats-ali.cc:79) No alignment for utterance 4441-76262-0002
WARNING (gmm-acc-stats-ali[5.5.1139~1-67548]:main():gmm-acc-stats-ali.cc:79) No alignment for utterance 4481-17498-0024
WARNING (gmm-acc-stats-ali[5.5.1139~1-67548]:main():gmm-acc-stats-ali.cc:79) No alignment for utterance 4481-17499-0011
WARNING (gmm-acc-stats-ali[5.5.1139~1-67548]:main():gmm-acc-stats-ali.cc:79) No alignment for utterance 458-126290-0008
WARNING (gmm-acc-stats-ali[5.5.1139~1-67548]:main():gmm-acc-stats-ali.cc:79) No alignment for utterance 458-126294-0008
WARNING (gmm-acc-stats-ali[5.5.1139~1-67548]:main():gmm-acc-stats-ali.cc:79) No alignment for utterance 4640-19189-0027
WARNING (gmm-acc-stats-ali[5.5.1139~1-67548]:main():gmm-acc-stats-ali.cc:79) No alignment for utterance 4788-91208-0002
WARNING (gmm-acc-stats-ali[5.5.1139~1-67548]:main():gmm-acc-stats-ali.cc:79) No alignment for utterance 4788-94904-0018
WARNING (gmm-acc-stats-ali[5.5.1139~1-67548]:main():gmm-acc-stats-ali.cc:79) No alignment for utterance 4813-248638-0000
WARNING (gmm-acc-stats-ali[5.5.1139~1-67548]:main():gmm-acc-stats-ali.cc:79) No alignment for utterance 4853-27670-0021
WARNING (gmm-acc-stats-ali[5.5.1139~1-67548]:main():gmm-acc-stats-ali.cc:79) No alignment for utterance 4853-29413-0019
WARNING (gmm-acc-stats-ali[5.5.1139~1-67548]:main():gmm-acc-stats-ali.cc:79) No alignment for utterance 4859-22176-0007
WARNING (gmm-acc-stats-ali[5.5.1139~1-67548]:main():gmm-acc-stats-ali.cc:79) No alignment for utterance 4859-26870-0002
WARNING (gmm-acc-stats-ali[5.5.1139~1-67548]:main():gmm-acc-stats-ali.cc:79) No alignment for utterance 4859-29340-0020
WARNING (gmm-acc-stats-ali[5.5.1139~1-67548]:main():gmm-acc-stats-ali.cc:79) No alignment for utterance 4898-28461-0035
WARNING (gmm-acc-stats-ali[5.5.1139~1-67548]:main():gmm-acc-stats-ali.cc:79) No alignment for utterance 5022-29405-0001
WARNING (gmm-acc-stats-ali[5.5.1139~1-67548]:main():gmm-acc-stats-ali.cc:79) No alignment for utterance 5022-29411-0059
WARNING (gmm-acc-stats-ali[5.5.1139~1-67548]:main():gmm-acc-stats-ali.cc:79) No alignment for utterance 5104-33407-0017
WARNING (gmm-acc-stats-ali[5.5.1139~1-67548]:main():gmm-acc-stats-ali.cc:79) No alignment for utterance 5192-19396-0012
WARNING (gmm-acc-stats-ali[5.5.1139~1-67548]:main():gmm-acc-stats-ali.cc:79) No alignment for utterance 5192-19397-0037
WARNING (gmm-acc-stats-ali[5.5.1139~1-67548]:main():gmm-acc-stats-ali.cc:79) No alignment for utterance 5322-7678-0036
WARNING (gmm-acc-stats-ali[5.5.1139~1-67548]:main():gmm-acc-stats-ali.cc:79) No alignment for utterance 5322-7679-0015
WARNING (gmm-acc-stats-ali[5.5.1139~1-67548]:main():gmm-acc-stats-ali.cc:79) No alignment for utterance 5339-14133-0016
WARNING (gmm-acc-stats-ali[5.5.1139~1-67548]:main():gmm-acc-stats-ali.cc:79) No alignment for utterance 5390-24512-0048
WARNING (gmm-acc-stats-ali[5.5.1139~1-67548]:main():gmm-acc-stats-ali.cc:79) No alignment for utterance 5390-30096-0021
WARNING (gmm-acc-stats-ali[5.5.1139~1-67548]:main():gmm-acc-stats-ali.cc:79) No alignment for utterance 5390-30102-0018
WARNING (gmm-acc-stats-ali[5.5.1139~1-67548]:main():gmm-acc-stats-ali.cc:79) No alignment for utterance 5456-62043-0022
WARNING (gmm-acc-stats-ali[5.5.1139~1-67548]:main():gmm-acc-stats-ali.cc:79) No alignment for utterance 5463-39174-0000
WARNING (gmm-acc-stats-ali[5.5.1139~1-67548]:main():gmm-acc-stats-ali.cc:79) No alignment for utterance 5514-19193-0004
WARNING (gmm-acc-stats-ali[5.5.1139~1-67548]:main():gmm-acc-stats-ali.cc:79) No alignment for utterance 5561-39621-0023
WARNING (gmm-acc-stats-ali[5.5.1139~1-67548]:main():gmm-acc-stats-ali.cc:79) No alignment for utterance 5561-41616-0031
WARNING (gmm-acc-stats-ali[5.5.1139~1-67548]:main():gmm-acc-stats-ali.cc:79) No alignment for utterance 5678-43301-0003
WARNING (gmm-acc-stats-ali[5.5.1139~1-67548]:main():gmm-acc-stats-ali.cc:79) No alignment for utterance 5678-43302-0024
WARNING (gmm-acc-stats-ali[5.5.1139~1-67548]:main():gmm-acc-stats-ali.cc:79) No alignment for utterance 5678-43303-0017
WARNING (gmm-acc-stats-ali[5.5.1139~1-67548]:main():gmm-acc-stats-ali.cc:79) No alignment for utterance 5688-41232-0044
WARNING (gmm-acc-stats-ali[5.5.1139~1-67548]:main():gmm-acc-stats-ali.cc:79) No alignment for utterance 5703-47198-0039
WARNING (gmm-acc-stats-ali[5.5.1139~1-67548]:main():gmm-acc-stats-ali.cc:79) No alignment for utterance 5750-35690-0017
WARNING (gmm-acc-stats-ali[5.5.1139~1-67548]:main():gmm-acc-stats-ali.cc:79) No alignment for utterance 5778-12761-0033
WARNING (gmm-acc-stats-ali[5.5.1139~1-67548]:main():gmm-acc-stats-ali.cc:79) No alignment for utterance 5789-70653-0015
WARNING (gmm-acc-stats-ali[5.5.1139~1-67548]:main():gmm-acc-stats-ali.cc:79) No alignment for utterance 5808-48608-0029
WARNING (gmm-acc-stats-ali[5.5.1139~1-67548]:main():gmm-acc-stats-ali.cc:79) No alignment for utterance 5808-54425-0011
WARNING (gmm-acc-stats-ali[5.5.1139~1-67548]:main():gmm-acc-stats-ali.cc:79) No alignment for utterance 5867-48852-0019
WARNING (gmm-acc-stats-ali[5.5.1139~1-67548]:main():gmm-acc-stats-ali.cc:79) No alignment for utterance 587-41611-0015
WARNING (gmm-acc-stats-ali[5.5.1139~1-67548]:main():gmm-acc-stats-ali.cc:79) No alignment for utterance 587-54108-0034
WARNING (gmm-acc-stats-ali[5.5.1139~1-67548]:main():gmm-acc-stats-ali.cc:79) No alignment for utterance 6000-86686-0019
WARNING (gmm-acc-stats-ali[5.5.1139~1-67548]:main():gmm-acc-stats-ali.cc:79) No alignment for utterance 6019-3185-0055
WARNING (gmm-acc-stats-ali[5.5.1139~1-67548]:main():gmm-acc-stats-ali.cc:79) No alignment for utterance 6064-56168-0030
WARNING (gmm-acc-stats-ali[5.5.1139~1-67548]:main():gmm-acc-stats-ali.cc:79) No alignment for utterance 6078-54007-0031
WARNING (gmm-acc-stats-ali[5.5.1139~1-67548]:main():gmm-acc-stats-ali.cc:79) No alignment for utterance 6078-54013-0003
LOG (gmm-acc-stats-ali[5.5.1139~1-67548]:main():gmm-acc-stats-ali.cc:105) Processed 50 utterances; for utterance 6081-41997-0027 avg. like is -108.57 over 1438 frames.
WARNING (gmm-acc-stats-ali[5.5.1139~1-67548]:main():gmm-acc-stats-ali.cc:79) No alignment for utterance 6081-41998-0035
WARNING (gmm-acc-stats-ali[5.5.1139~1-67548]:main():gmm-acc-stats-ali.cc:79) No alignment for utterance 6147-34605-0013
WARNING (gmm-acc-stats-ali[5.5.1139~1-67548]:main():gmm-acc-stats-ali.cc:79) No alignment for utterance 625-132112-0017
WARNING (gmm-acc-stats-ali[5.5.1139~1-67548]:main():gmm-acc-stats-ali.cc:79) No alignment for utterance 6272-70171-0034
WARNING (gmm-acc-stats-ali[5.5.1139~1-67548]:main():gmm-acc-stats-ali.cc:79) No alignment for utterance 6385-34669-0004
WARNING (gmm-acc-stats-ali[5.5.1139~1-67548]:main():gmm-acc-stats-ali.cc:79) No alignment for utterance 6415-111615-0004
WARNING (gmm-acc-stats-ali[5.5.1139~1-67548]:main():gmm-acc-stats-ali.cc:79) No alignment for utterance 6415-116629-0008
WARNING (gmm-acc-stats-ali[5.5.1139~1-67548]:main():gmm-acc-stats-ali.cc:79) No alignment for utterance 6454-107462-0027
WARNING (gmm-acc-stats-ali[5.5.1139~1-67548]:main():gmm-acc-stats-ali.cc:79) No alignment for utterance 6476-57446-0082
WARNING (gmm-acc-stats-ali[5.5.1139~1-67548]:main():gmm-acc-stats-ali.cc:79) No alignment for utterance 6476-96661-0029
WARNING (gmm-acc-stats-ali[5.5.1139~1-67548]:main():gmm-acc-stats-ali.cc:79) No alignment for utterance 6529-62554-0036
WARNING (gmm-acc-stats-ali[5.5.1139~1-67548]:main():gmm-acc-stats-ali.cc:79) No alignment for utterance 6529-62556-0003
WARNING (gmm-acc-stats-ali[5.5.1139~1-67548]:main():gmm-acc-stats-ali.cc:79) No alignment for utterance 6531-61334-0043
WARNING (gmm-acc-stats-ali[5.5.1139~1-67548]:main():gmm-acc-stats-ali.cc:79) No alignment for utterance 6563-285357-0040
WARNING (gmm-acc-stats-ali[5.5.1139~1-67548]:main():gmm-acc-stats-ali.cc:79) No alignment for utterance 6563-63821-0037
WARNING (gmm-acc-stats-ali[5.5.1139~1-67548]:main():gmm-acc-stats-ali.cc:79) No alignment for utterance 6818-68772-0015
LOG (apply-cmvn[5.5.1139~1-67548]:main():apply-cmvn.cc:162) Applied cepstral mean normalization to 143 utterances, errors on 0
LOG (gmm-acc-stats-ali[5.5.1139~1-67548]:main():gmm-acc-stats-ali.cc:112) Done 75 files, 68 with errors.
LOG (gmm-acc-stats-ali[5.5.1139~1-67548]:main():gmm-acc-stats-ali.cc:115) Overall avg like per frame (Gaussian only) = -109.987 over 86538 frames.
LOG (gmm-acc-stats-ali[5.5.1139~1-67548]:main():gmm-acc-stats-ali.cc:123) Written accs.
# Accounting: time=1 threads=1
# Ended (code 0) at Sat Aug 31 07:43:34 UTC 2024, elapsed time 1 seconds
