# gmm-align-compiled --transition-scale=1.0 --acoustic-scale=0.1 --self-loop-scale=0.1 --beam=6 --retry-beam=40 --careful=false "gmm-boost-silence --boost=1.0 1 exp/mono/1.mdl - |" "ark:gunzip -c exp/mono/fsts.1.gz|" "ark,s,cs:apply-cmvn  --utt2spk=ark:data/train/split4/1/utt2spk scp:data/train/split4/1/cmvn.scp scp:data/train/split4/1/feats.scp ark:- | add-deltas  ark:- ark:- |" "ark,t:|gzip -c >exp/mono/ali.1.gz" 
# Started at Sat Aug 31 07:41:55 UTC 2024
#
gmm-align-compiled --transition-scale=1.0 --acoustic-scale=0.1 --self-loop-scale=0.1 --beam=6 --retry-beam=40 --careful=false 'gmm-boost-silence --boost=1.0 1 exp/mono/1.mdl - |' 'ark:gunzip -c exp/mono/fsts.1.gz|' 'ark,s,cs:apply-cmvn  --utt2spk=ark:data/train/split4/1/utt2spk scp:data/train/split4/1/cmvn.scp scp:data/train/split4/1/feats.scp ark:- | add-deltas  ark:- ark:- |' 'ark,t:|gzip -c >exp/mono/ali.1.gz' 
gmm-boost-silence --boost=1.0 1 exp/mono/1.mdl - 
WARNING (gmm-boost-silence[5.5.1139~1-67548]:main():gmm-boost-silence.cc:82) The pdfs for the silence phones may be shared by other phones (note: this probably does not matter.)
LOG (gmm-boost-silence[5.5.1139~1-67548]:main():gmm-boost-silence.cc:93) Boosted weights for 5 pdfs, by factor of 1
LOG (gmm-boost-silence[5.5.1139~1-67548]:main():gmm-boost-silence.cc:103) Wrote model to -
apply-cmvn --utt2spk=ark:data/train/split4/1/utt2spk scp:data/train/split4/1/cmvn.scp scp:data/train/split4/1/feats.scp ark:- 
add-deltas ark:- ark:- 
LOG (gmm-align-compiled[5.5.1139~1-67548]:main():gmm-align-compiled.cc:127) 103-1240-0045
WARNING (gmm-align-compiled[5.5.1139~1-67548]:AlignUtteranceWrapper():decoder-wrappers.cc:617) Retrying utterance 103-1240-0045 with beam 40
WARNING (gmm-align-compiled[5.5.1139~1-67548]:AlignUtteranceWrapper():decoder-wrappers.cc:626) Did not successfully decode file 103-1240-0045, len = 1566
LOG (gmm-align-compiled[5.5.1139~1-67548]:main():gmm-align-compiled.cc:127) 103-1241-0023
WARNING (gmm-align-compiled[5.5.1139~1-67548]:AlignUtteranceWrapper():decoder-wrappers.cc:617) Retrying utterance 103-1241-0023 with beam 40
WARNING (gmm-align-compiled[5.5.1139~1-67548]:AlignUtteranceWrapper():decoder-wrappers.cc:626) Did not successfully decode file 103-1241-0023, len = 1665
LOG (gmm-align-compiled[5.5.1139~1-67548]:main():gmm-align-compiled.cc:127) 1034-121119-0056
WARNING (gmm-align-compiled[5.5.1139~1-67548]:AlignUtteranceWrapper():decoder-wrappers.cc:617) Retrying utterance 1034-121119-0056 with beam 40
WARNING (gmm-align-compiled[5.5.1139~1-67548]:AlignUtteranceWrapper():decoder-wrappers.cc:626) Did not successfully decode file 1034-121119-0056, len = 1538
LOG (gmm-align-compiled[5.5.1139~1-67548]:main():gmm-align-compiled.cc:127) 1040-133433-0016
WARNING (gmm-align-compiled[5.5.1139~1-67548]:AlignUtteranceWrapper():decoder-wrappers.cc:617) Retrying utterance 1040-133433-0016 with beam 40
WARNING (gmm-align-compiled[5.5.1139~1-67548]:AlignUtteranceWrapper():decoder-wrappers.cc:626) Did not successfully decode file 1040-133433-0016, len = 1630
LOG (gmm-align-compiled[5.5.1139~1-67548]:main():gmm-align-compiled.cc:127) 1069-133699-0014
WARNING (gmm-align-compiled[5.5.1139~1-67548]:AlignUtteranceWrapper():decoder-wrappers.cc:617) Retrying utterance 1069-133699-0014 with beam 40
LOG (gmm-align-compiled[5.5.1139~1-67548]:main():gmm-align-compiled.cc:127) 1069-133709-0016
WARNING (gmm-align-compiled[5.5.1139~1-67548]:AlignUtteranceWrapper():decoder-wrappers.cc:617) Retrying utterance 1069-133709-0016 with beam 40
LOG (gmm-align-compiled[5.5.1139~1-67548]:main():gmm-align-compiled.cc:127) 1088-129236-0026
WARNING (gmm-align-compiled[5.5.1139~1-67548]:AlignUtteranceWrapper():decoder-wrappers.cc:617) Retrying utterance 1088-129236-0026 with beam 40
LOG (gmm-align-compiled[5.5.1139~1-67548]:main():gmm-align-compiled.cc:127) 1088-134315-0058
WARNING (gmm-align-compiled[5.5.1139~1-67548]:AlignUtteranceWrapper():decoder-wrappers.cc:617) Retrying utterance 1088-134315-0058 with beam 40
WARNING (gmm-align-compiled[5.5.1139~1-67548]:AlignUtteranceWrapper():decoder-wrappers.cc:626) Did not successfully decode file 1088-134315-0058, len = 1561
LOG (gmm-align-compiled[5.5.1139~1-67548]:main():gmm-align-compiled.cc:127) 1088-134318-0006
WARNING (gmm-align-compiled[5.5.1139~1-67548]:AlignUtteranceWrapper():decoder-wrappers.cc:617) Retrying utterance 1088-134318-0006 with beam 40
WARNING (gmm-align-compiled[5.5.1139~1-67548]:AlignUtteranceWrapper():decoder-wrappers.cc:626) Did not successfully decode file 1088-134318-0006, len = 1635
LOG (gmm-align-compiled[5.5.1139~1-67548]:main():gmm-align-compiled.cc:127) 1098-133695-0036
WARNING (gmm-align-compiled[5.5.1139~1-67548]:AlignUtteranceWrapper():decoder-wrappers.cc:617) Retrying utterance 1098-133695-0036 with beam 40
WARNING (gmm-align-compiled[5.5.1139~1-67548]:AlignUtteranceWrapper():decoder-wrappers.cc:626) Did not successfully decode file 1098-133695-0036, len = 1578
LOG (gmm-align-compiled[5.5.1139~1-67548]:main():gmm-align-compiled.cc:127) 1116-132847-0019
WARNING (gmm-align-compiled[5.5.1139~1-67548]:AlignUtteranceWrapper():decoder-wrappers.cc:617) Retrying utterance 1116-132847-0019 with beam 40
WARNING (gmm-align-compiled[5.5.1139~1-67548]:AlignUtteranceWrapper():decoder-wrappers.cc:626) Did not successfully decode file 1116-132847-0019, len = 1521
LOG (gmm-align-compiled[5.5.1139~1-67548]:main():gmm-align-compiled.cc:127) 1116-132851-0015
WARNING (gmm-align-compiled[5.5.1139~1-67548]:AlignUtteranceWrapper():decoder-wrappers.cc:617) Retrying utterance 1116-132851-0015 with beam 40
WARNING (gmm-align-compiled[5.5.1139~1-67548]:AlignUtteranceWrapper():decoder-wrappers.cc:626) Did not successfully decode file 1116-132851-0015, len = 1525
LOG (gmm-align-compiled[5.5.1139~1-67548]:main():gmm-align-compiled.cc:127) 1116-137572-0027
WARNING (gmm-align-compiled[5.5.1139~1-67548]:AlignUtteranceWrapper():decoder-wrappers.cc:617) Retrying utterance 1116-137572-0027 with beam 40
WARNING (gmm-align-compiled[5.5.1139~1-67548]:AlignUtteranceWrapper():decoder-wrappers.cc:626) Did not successfully decode file 1116-137572-0027, len = 1402
LOG (gmm-align-compiled[5.5.1139~1-67548]:main():gmm-align-compiled.cc:127) 118-121721-0008
WARNING (gmm-align-compiled[5.5.1139~1-67548]:AlignUtteranceWrapper():decoder-wrappers.cc:617) Retrying utterance 118-121721-0008 with beam 40
LOG (gmm-align-compiled[5.5.1139~1-67548]:main():gmm-align-compiled.cc:127) 118-124588-0016
WARNING (gmm-align-compiled[5.5.1139~1-67548]:AlignUtteranceWrapper():decoder-wrappers.cc:617) Retrying utterance 118-124588-0016 with beam 40
WARNING (gmm-align-compiled[5.5.1139~1-67548]:AlignUtteranceWrapper():decoder-wrappers.cc:626) Did not successfully decode file 118-124588-0016, len = 1464
LOG (gmm-align-compiled[5.5.1139~1-67548]:main():gmm-align-compiled.cc:127) 118-47824-0035
WARNING (gmm-align-compiled[5.5.1139~1-67548]:AlignUtteranceWrapper():decoder-wrappers.cc:617) Retrying utterance 118-47824-0035 with beam 40
LOG (gmm-align-compiled[5.5.1139~1-67548]:main():gmm-align-compiled.cc:127) 1183-124566-0003
LOG (gmm-align-compiled[5.5.1139~1-67548]:main():gmm-align-compiled.cc:127) 1183-128659-0000
WARNING (gmm-align-compiled[5.5.1139~1-67548]:AlignUtteranceWrapper():decoder-wrappers.cc:617) Retrying utterance 1183-128659-0000 with beam 40
LOG (gmm-align-compiled[5.5.1139~1-67548]:main():gmm-align-compiled.cc:127) 1183-133255-0009
WARNING (gmm-align-compiled[5.5.1139~1-67548]:AlignUtteranceWrapper():decoder-wrappers.cc:617) Retrying utterance 1183-133255-0009 with beam 40
LOG (gmm-align-compiled[5.5.1139~1-67548]:main():gmm-align-compiled.cc:127) 1183-133256-0006
WARNING (gmm-align-compiled[5.5.1139~1-67548]:AlignUtteranceWrapper():decoder-wrappers.cc:617) Retrying utterance 1183-133256-0006 with beam 40
WARNING (gmm-align-compiled[5.5.1139~1-67548]:AlignUtteranceWrapper():decoder-wrappers.cc:626) Did not successfully decode file 1183-133256-0006, len = 1483
LOG (gmm-align-compiled[5.5.1139~1-67548]:main():gmm-align-compiled.cc:127) 1235-135883-0038
WARNING (gmm-align-compiled[5.5.1139~1-67548]:AlignUtteranceWrapper():decoder-wrappers.cc:617) Retrying utterance 1235-135883-0038 with beam 40
WARNING (gmm-align-compiled[5.5.1139~1-67548]:AlignUtteranceWrapper():decoder-wrappers.cc:626) Did not successfully decode file 1235-135883-0038, len = 1436
LOG (gmm-align-compiled[5.5.1139~1-67548]:main():gmm-align-compiled.cc:127) 1235-135884-0005
WARNING (gmm-align-compiled[5.5.1139~1-67548]:AlignUtteranceWrapper():decoder-wrappers.cc:617) Retrying utterance 1235-135884-0005 with beam 40
LOG (gmm-align-compiled[5.5.1139~1-67548]:main():gmm-align-compiled.cc:127) 1235-135887-0010
WARNING (gmm-align-compiled[5.5.1139~1-67548]:AlignUtteranceWrapper():decoder-wrappers.cc:617) Retrying utterance 1235-135887-0010 with beam 40
LOG (gmm-align-compiled[5.5.1139~1-67548]:main():gmm-align-compiled.cc:127) 1246-124548-0041
WARNING (gmm-align-compiled[5.5.1139~1-67548]:AlignUtteranceWrapper():decoder-wrappers.cc:617) Retrying utterance 1246-124548-0041 with beam 40
LOG (gmm-align-compiled[5.5.1139~1-67548]:main():gmm-align-compiled.cc:127) 1246-124550-0013
WARNING (gmm-align-compiled[5.5.1139~1-67548]:AlignUtteranceWrapper():decoder-wrappers.cc:617) Retrying utterance 1246-124550-0013 with beam 40
LOG (gmm-align-compiled[5.5.1139~1-67548]:main():gmm-align-compiled.cc:127) 1246-135815-0001
WARNING (gmm-align-compiled[5.5.1139~1-67548]:AlignUtteranceWrapper():decoder-wrappers.cc:617) Retrying utterance 1246-135815-0001 with beam 40
LOG (gmm-align-compiled[5.5.1139~1-67548]:main():gmm-align-compiled.cc:127) 125-121124-0009
WARNING (gmm-align-compiled[5.5.1139~1-67548]:AlignUtteranceWrapper():decoder-wrappers.cc:617) Retrying utterance 125-121124-0009 with beam 40
LOG (gmm-align-compiled[5.5.1139~1-67548]:main():gmm-align-compiled.cc:127) 125-121342-0027
WARNING (gmm-align-compiled[5.5.1139~1-67548]:AlignUtteranceWrapper():decoder-wrappers.cc:617) Retrying utterance 125-121342-0027 with beam 40
LOG (gmm-align-compiled[5.5.1139~1-67548]:main():gmm-align-compiled.cc:127) 1263-138246-0028
WARNING (gmm-align-compiled[5.5.1139~1-67548]:AlignUtteranceWrapper():decoder-wrappers.cc:617) Retrying utterance 1263-138246-0028 with beam 40
LOG (gmm-align-compiled[5.5.1139~1-67548]:main():gmm-align-compiled.cc:127) 1263-139804-0013
WARNING (gmm-align-compiled[5.5.1139~1-67548]:AlignUtteranceWrapper():decoder-wrappers.cc:617) Retrying utterance 1263-139804-0013 with beam 40
WARNING (gmm-align-compiled[5.5.1139~1-67548]:AlignUtteranceWrapper():decoder-wrappers.cc:626) Did not successfully decode file 1263-139804-0013, len = 1545
LOG (gmm-align-compiled[5.5.1139~1-67548]:main():gmm-align-compiled.cc:127) 1263-141777-0029
WARNING (gmm-align-compiled[5.5.1139~1-67548]:AlignUtteranceWrapper():decoder-wrappers.cc:617) Retrying utterance 1263-141777-0029 with beam 40
LOG (gmm-align-compiled[5.5.1139~1-67548]:main():gmm-align-compiled.cc:127) 1334-135589-0037
WARNING (gmm-align-compiled[5.5.1139~1-67548]:AlignUtteranceWrapper():decoder-wrappers.cc:617) Retrying utterance 1334-135589-0037 with beam 40
WARNING (gmm-align-compiled[5.5.1139~1-67548]:AlignUtteranceWrapper():decoder-wrappers.cc:626) Did not successfully decode file 1334-135589-0037, len = 1600
LOG (gmm-align-compiled[5.5.1139~1-67548]:main():gmm-align-compiled.cc:127) 1355-39947-0096
WARNING (gmm-align-compiled[5.5.1139~1-67548]:AlignUtteranceWrapper():decoder-wrappers.cc:617) Retrying utterance 1355-39947-0096 with beam 40
LOG (gmm-align-compiled[5.5.1139~1-67548]:main():gmm-align-compiled.cc:127) 1363-135842-0005
WARNING (gmm-align-compiled[5.5.1139~1-67548]:AlignUtteranceWrapper():decoder-wrappers.cc:617) Retrying utterance 1363-135842-0005 with beam 40
LOG (gmm-align-compiled[5.5.1139~1-67548]:main():gmm-align-compiled.cc:127) 1363-139304-0033
WARNING (gmm-align-compiled[5.5.1139~1-67548]:AlignUtteranceWrapper():decoder-wrappers.cc:617) Retrying utterance 1363-139304-0033 with beam 40
LOG (gmm-align-compiled[5.5.1139~1-67548]:main():gmm-align-compiled.cc:127) 1447-130550-0028
WARNING (gmm-align-compiled[5.5.1139~1-67548]:AlignUtteranceWrapper():decoder-wrappers.cc:617) Retrying utterance 1447-130550-0028 with beam 40
LOG (gmm-align-compiled[5.5.1139~1-67548]:main():gmm-align-compiled.cc:127) 1447-130551-0013
WARNING (gmm-align-compiled[5.5.1139~1-67548]:AlignUtteranceWrapper():decoder-wrappers.cc:617) Retrying utterance 1447-130551-0013 with beam 40
LOG (gmm-align-compiled[5.5.1139~1-67548]:main():gmm-align-compiled.cc:127) 1447-130552-0022
WARNING (gmm-align-compiled[5.5.1139~1-67548]:AlignUtteranceWrapper():decoder-wrappers.cc:617) Retrying utterance 1447-130552-0022 with beam 40
LOG (gmm-align-compiled[5.5.1139~1-67548]:main():gmm-align-compiled.cc:127) 1447-17506-0018
WARNING (gmm-align-compiled[5.5.1139~1-67548]:AlignUtteranceWrapper():decoder-wrappers.cc:617) Retrying utterance 1447-17506-0018 with beam 40
LOG (gmm-align-compiled[5.5.1139~1-67548]:main():gmm-align-compiled.cc:127) 1455-134435-0007
WARNING (gmm-align-compiled[5.5.1139~1-67548]:AlignUtteranceWrapper():decoder-wrappers.cc:617) Retrying utterance 1455-134435-0007 with beam 40
WARNING (gmm-align-compiled[5.5.1139~1-67548]:AlignUtteranceWrapper():decoder-wrappers.cc:626) Did not successfully decode file 1455-134435-0007, len = 1184
LOG (gmm-align-compiled[5.5.1139~1-67548]:main():gmm-align-compiled.cc:127) 1455-138263-0043
WARNING (gmm-align-compiled[5.5.1139~1-67548]:AlignUtteranceWrapper():decoder-wrappers.cc:617) Retrying utterance 1455-138263-0043 with beam 40
LOG (gmm-align-compiled[5.5.1139~1-67548]:main():gmm-align-compiled.cc:127) 150-126107-0024
WARNING (gmm-align-compiled[5.5.1139~1-67548]:AlignUtteranceWrapper():decoder-wrappers.cc:617) Retrying utterance 150-126107-0024 with beam 40
LOG (gmm-align-compiled[5.5.1139~1-67548]:main():gmm-align-compiled.cc:127) 150-126112-0031
WARNING (gmm-align-compiled[5.5.1139~1-67548]:AlignUtteranceWrapper():decoder-wrappers.cc:617) Retrying utterance 150-126112-0031 with beam 40
LOG (gmm-align-compiled[5.5.1139~1-67548]:main():gmm-align-compiled.cc:127) 150-132655-0034
WARNING (gmm-align-compiled[5.5.1139~1-67548]:AlignUtteranceWrapper():decoder-wrappers.cc:617) Retrying utterance 150-132655-0034 with beam 40
LOG (gmm-align-compiled[5.5.1139~1-67548]:main():gmm-align-compiled.cc:127) 1502-122615-0025
WARNING (gmm-align-compiled[5.5.1139~1-67548]:AlignUtteranceWrapper():decoder-wrappers.cc:617) Retrying utterance 1502-122615-0025 with beam 40
LOG (gmm-align-compiled[5.5.1139~1-67548]:main():gmm-align-compiled.cc:127) 1502-122619-0062
WARNING (gmm-align-compiled[5.5.1139~1-67548]:AlignUtteranceWrapper():decoder-wrappers.cc:617) Retrying utterance 1502-122619-0062 with beam 40
LOG (gmm-align-compiled[5.5.1139~1-67548]:main():gmm-align-compiled.cc:127) 1553-140047-0012
WARNING (gmm-align-compiled[5.5.1139~1-67548]:AlignUtteranceWrapper():decoder-wrappers.cc:617) Retrying utterance 1553-140047-0012 with beam 40
LOG (gmm-align-compiled[5.5.1139~1-67548]:main():gmm-align-compiled.cc:127) 1553-140048-0028
WARNING (gmm-align-compiled[5.5.1139~1-67548]:AlignUtteranceWrapper():decoder-wrappers.cc:617) Retrying utterance 1553-140048-0028 with beam 40
LOG (gmm-align-compiled[5.5.1139~1-67548]:main():gmm-align-compiled.cc:127) 1578-140045-0020
WARNING (gmm-align-compiled[5.5.1139~1-67548]:AlignUtteranceWrapper():decoder-wrappers.cc:617) Retrying utterance 1578-140045-0020 with beam 40
LOG (gmm-align-compiled[5.5.1139~1-67548]:main():gmm-align-compiled.cc:127) 1578-140049-0026
WARNING (gmm-align-compiled[5.5.1139~1-67548]:AlignUtteranceWrapper():decoder-wrappers.cc:617) Retrying utterance 1578-140049-0026 with beam 40
WARNING (gmm-align-compiled[5.5.1139~1-67548]:AlignUtteranceWrapper():decoder-wrappers.cc:626) Did not successfully decode file 1578-140049-0026, len = 895
LOG (gmm-align-compiled[5.5.1139~1-67548]:main():gmm-align-compiled.cc:127) 1578-6379-0029
WARNING (gmm-align-compiled[5.5.1139~1-67548]:AlignUtteranceWrapper():decoder-wrappers.cc:617) Retrying utterance 1578-6379-0029 with beam 40
LOG (gmm-align-compiled[5.5.1139~1-67548]:main():gmm-align-compiled.cc:127) 1594-135914-0060
WARNING (gmm-align-compiled[5.5.1139~1-67548]:AlignUtteranceWrapper():decoder-wrappers.cc:617) Retrying utterance 1594-135914-0060 with beam 40
LOG (gmm-align-compiled[5.5.1139~1-67548]:main():gmm-align-compiled.cc:127) 1624-142933-0015
WARNING (gmm-align-compiled[5.5.1139~1-67548]:AlignUtteranceWrapper():decoder-wrappers.cc:617) Retrying utterance 1624-142933-0015 with beam 40
LOG (gmm-align-compiled[5.5.1139~1-67548]:main():gmm-align-compiled.cc:127) 1624-168623-0017
WARNING (gmm-align-compiled[5.5.1139~1-67548]:AlignUtteranceWrapper():decoder-wrappers.cc:617) Retrying utterance 1624-168623-0017 with beam 40
LOG (gmm-align-compiled[5.5.1139~1-67548]:main():gmm-align-compiled.cc:127) 163-121908-0009
WARNING (gmm-align-compiled[5.5.1139~1-67548]:AlignUtteranceWrapper():decoder-wrappers.cc:617) Retrying utterance 163-121908-0009 with beam 40
LOG (gmm-align-compiled[5.5.1139~1-67548]:main():gmm-align-compiled.cc:127) 163-122947-0012
WARNING (gmm-align-compiled[5.5.1139~1-67548]:AlignUtteranceWrapper():decoder-wrappers.cc:617) Retrying utterance 163-122947-0012 with beam 40
LOG (gmm-align-compiled[5.5.1139~1-67548]:main():gmm-align-compiled.cc:127) 1723-141149-0103
WARNING (gmm-align-compiled[5.5.1139~1-67548]:AlignUtteranceWrapper():decoder-wrappers.cc:617) Retrying utterance 1723-141149-0103 with beam 40
WARNING (gmm-align-compiled[5.5.1139~1-67548]:AlignUtteranceWrapper():decoder-wrappers.cc:626) Did not successfully decode file 1723-141149-0103, len = 1359
LOG (gmm-align-compiled[5.5.1139~1-67548]:main():gmm-align-compiled.cc:127) 1737-142396-0010
WARNING (gmm-align-compiled[5.5.1139~1-67548]:AlignUtteranceWrapper():decoder-wrappers.cc:617) Retrying utterance 1737-142396-0010 with beam 40
WARNING (gmm-align-compiled[5.5.1139~1-67548]:AlignUtteranceWrapper():decoder-wrappers.cc:626) Did not successfully decode file 1737-142396-0010, len = 1430
LOG (gmm-align-compiled[5.5.1139~1-67548]:main():gmm-align-compiled.cc:127) 1737-142397-0010
WARNING (gmm-align-compiled[5.5.1139~1-67548]:AlignUtteranceWrapper():decoder-wrappers.cc:617) Retrying utterance 1737-142397-0010 with beam 40
WARNING (gmm-align-compiled[5.5.1139~1-67548]:AlignUtteranceWrapper():decoder-wrappers.cc:626) Did not successfully decode file 1737-142397-0010, len = 1529
LOG (gmm-align-compiled[5.5.1139~1-67548]:main():gmm-align-compiled.cc:127) 1737-146161-0014
WARNING (gmm-align-compiled[5.5.1139~1-67548]:AlignUtteranceWrapper():decoder-wrappers.cc:617) Retrying utterance 1737-146161-0014 with beam 40
LOG (gmm-align-compiled[5.5.1139~1-67548]:main():gmm-align-compiled.cc:127) 1737-148989-0012
WARNING (gmm-align-compiled[5.5.1139~1-67548]:AlignUtteranceWrapper():decoder-wrappers.cc:617) Retrying utterance 1737-148989-0012 with beam 40
LOG (gmm-align-compiled[5.5.1139~1-67548]:main():gmm-align-compiled.cc:127) 1743-142912-0032
WARNING (gmm-align-compiled[5.5.1139~1-67548]:AlignUtteranceWrapper():decoder-wrappers.cc:617) Retrying utterance 1743-142912-0032 with beam 40
WARNING (gmm-align-compiled[5.5.1139~1-67548]:AlignUtteranceWrapper():decoder-wrappers.cc:626) Did not successfully decode file 1743-142912-0032, len = 1476
LOG (gmm-align-compiled[5.5.1139~1-67548]:main():gmm-align-compiled.cc:127) 1743-142913-0018
WARNING (gmm-align-compiled[5.5.1139~1-67548]:AlignUtteranceWrapper():decoder-wrappers.cc:617) Retrying utterance 1743-142913-0018 with beam 40
LOG (gmm-align-compiled[5.5.1139~1-67548]:main():gmm-align-compiled.cc:127) 1743-142914-0014
WARNING (gmm-align-compiled[5.5.1139~1-67548]:AlignUtteranceWrapper():decoder-wrappers.cc:617) Retrying utterance 1743-142914-0014 with beam 40
WARNING (gmm-align-compiled[5.5.1139~1-67548]:AlignUtteranceWrapper():decoder-wrappers.cc:626) Did not successfully decode file 1743-142914-0014, len = 1412
LOG (gmm-align-compiled[5.5.1139~1-67548]:main():gmm-align-compiled.cc:127) 1841-150351-0025
WARNING (gmm-align-compiled[5.5.1139~1-67548]:AlignUtteranceWrapper():decoder-wrappers.cc:617) Retrying utterance 1841-150351-0025 with beam 40
LOG (gmm-align-compiled[5.5.1139~1-67548]:main():gmm-align-compiled.cc:127) 1841-159771-0042
WARNING (gmm-align-compiled[5.5.1139~1-67548]:AlignUtteranceWrapper():decoder-wrappers.cc:617) Retrying utterance 1841-159771-0042 with beam 40
WARNING (gmm-align-compiled[5.5.1139~1-67548]:AlignUtteranceWrapper():decoder-wrappers.cc:626) Did not successfully decode file 1841-159771-0042, len = 1672
LOG (gmm-align-compiled[5.5.1139~1-67548]:main():gmm-align-compiled.cc:127) 1841-179183-0021
WARNING (gmm-align-compiled[5.5.1139~1-67548]:AlignUtteranceWrapper():decoder-wrappers.cc:617) Retrying utterance 1841-179183-0021 with beam 40
WARNING (gmm-align-compiled[5.5.1139~1-67548]:AlignUtteranceWrapper():decoder-wrappers.cc:626) Did not successfully decode file 1841-179183-0021, len = 1371
LOG (gmm-align-compiled[5.5.1139~1-67548]:main():gmm-align-compiled.cc:127) 1867-148436-0037
WARNING (gmm-align-compiled[5.5.1139~1-67548]:AlignUtteranceWrapper():decoder-wrappers.cc:617) Retrying utterance 1867-148436-0037 with beam 40
WARNING (gmm-align-compiled[5.5.1139~1-67548]:AlignUtteranceWrapper():decoder-wrappers.cc:626) Did not successfully decode file 1867-148436-0037, len = 1583
LOG (gmm-align-compiled[5.5.1139~1-67548]:main():gmm-align-compiled.cc:127) 1867-154071-0021
WARNING (gmm-align-compiled[5.5.1139~1-67548]:AlignUtteranceWrapper():decoder-wrappers.cc:617) Retrying utterance 1867-154071-0021 with beam 40
WARNING (gmm-align-compiled[5.5.1139~1-67548]:AlignUtteranceWrapper():decoder-wrappers.cc:626) Did not successfully decode file 1867-154071-0021, len = 1342
LOG (gmm-align-compiled[5.5.1139~1-67548]:main():gmm-align-compiled.cc:127) 1867-154075-0005
WARNING (gmm-align-compiled[5.5.1139~1-67548]:AlignUtteranceWrapper():decoder-wrappers.cc:617) Retrying utterance 1867-154075-0005 with beam 40
LOG (gmm-align-compiled[5.5.1139~1-67548]:main():gmm-align-compiled.cc:127) 1898-145702-0019
WARNING (gmm-align-compiled[5.5.1139~1-67548]:AlignUtteranceWrapper():decoder-wrappers.cc:617) Retrying utterance 1898-145702-0019 with beam 40
LOG (gmm-align-compiled[5.5.1139~1-67548]:main():gmm-align-compiled.cc:127) 1898-145715-0017
WARNING (gmm-align-compiled[5.5.1139~1-67548]:AlignUtteranceWrapper():decoder-wrappers.cc:617) Retrying utterance 1898-145715-0017 with beam 40
WARNING (gmm-align-compiled[5.5.1139~1-67548]:AlignUtteranceWrapper():decoder-wrappers.cc:626) Did not successfully decode file 1898-145715-0017, len = 1161
LOG (gmm-align-compiled[5.5.1139~1-67548]:main():gmm-align-compiled.cc:127) 1898-145720-0005
WARNING (gmm-align-compiled[5.5.1139~1-67548]:AlignUtteranceWrapper():decoder-wrappers.cc:617) Retrying utterance 1898-145720-0005 with beam 40
WARNING (gmm-align-compiled[5.5.1139~1-67548]:AlignUtteranceWrapper():decoder-wrappers.cc:626) Did not successfully decode file 1898-145720-0005, len = 1586
LOG (gmm-align-compiled[5.5.1139~1-67548]:main():gmm-align-compiled.cc:127) 1898-145724-0026
WARNING (gmm-align-compiled[5.5.1139~1-67548]:AlignUtteranceWrapper():decoder-wrappers.cc:617) Retrying utterance 1898-145724-0026 with beam 40
WARNING (gmm-align-compiled[5.5.1139~1-67548]:AlignUtteranceWrapper():decoder-wrappers.cc:626) Did not successfully decode file 1898-145724-0026, len = 1304
LOG (gmm-align-compiled[5.5.1139~1-67548]:main():gmm-align-compiled.cc:127) 19-198-0027
WARNING (gmm-align-compiled[5.5.1139~1-67548]:AlignUtteranceWrapper():decoder-wrappers.cc:617) Retrying utterance 19-198-0027 with beam 40
LOG (gmm-align-compiled[5.5.1139~1-67548]:main():gmm-align-compiled.cc:127) 19-227-0038
WARNING (gmm-align-compiled[5.5.1139~1-67548]:AlignUtteranceWrapper():decoder-wrappers.cc:617) Retrying utterance 19-227-0038 with beam 40
LOG (gmm-align-compiled[5.5.1139~1-67548]:main():gmm-align-compiled.cc:127) 196-122150-0012
WARNING (gmm-align-compiled[5.5.1139~1-67548]:AlignUtteranceWrapper():decoder-wrappers.cc:617) Retrying utterance 196-122150-0012 with beam 40
LOG (gmm-align-compiled[5.5.1139~1-67548]:main():gmm-align-compiled.cc:127) 196-122152-0008
WARNING (gmm-align-compiled[5.5.1139~1-67548]:AlignUtteranceWrapper():decoder-wrappers.cc:617) Retrying utterance 196-122152-0008 with beam 40
LOG (gmm-align-compiled[5.5.1139~1-67548]:main():gmm-align-compiled.cc:127) 196-122159-0003
WARNING (gmm-align-compiled[5.5.1139~1-67548]:AlignUtteranceWrapper():decoder-wrappers.cc:617) Retrying utterance 196-122159-0003 with beam 40
LOG (gmm-align-compiled[5.5.1139~1-67548]:main():gmm-align-compiled.cc:127) 1963-142393-0017
WARNING (gmm-align-compiled[5.5.1139~1-67548]:AlignUtteranceWrapper():decoder-wrappers.cc:617) Retrying utterance 1963-142393-0017 with beam 40
LOG (gmm-align-compiled[5.5.1139~1-67548]:main():gmm-align-compiled.cc:127) 1963-142776-0032
WARNING (gmm-align-compiled[5.5.1139~1-67548]:AlignUtteranceWrapper():decoder-wrappers.cc:617) Retrying utterance 1963-142776-0032 with beam 40
LOG (gmm-align-compiled[5.5.1139~1-67548]:main():gmm-align-compiled.cc:127) 1963-147036-0031
WARNING (gmm-align-compiled[5.5.1139~1-67548]:AlignUtteranceWrapper():decoder-wrappers.cc:617) Retrying utterance 1963-147036-0031 with beam 40
WARNING (gmm-align-compiled[5.5.1139~1-67548]:AlignUtteranceWrapper():decoder-wrappers.cc:626) Did not successfully decode file 1963-147036-0031, len = 1530
LOG (gmm-align-compiled[5.5.1139~1-67548]:main():gmm-align-compiled.cc:127) 1970-10594-0013
WARNING (gmm-align-compiled[5.5.1139~1-67548]:AlignUtteranceWrapper():decoder-wrappers.cc:617) Retrying utterance 1970-10594-0013 with beam 40
LOG (gmm-align-compiled[5.5.1139~1-67548]:main():gmm-align-compiled.cc:127) 1970-26100-0014
WARNING (gmm-align-compiled[5.5.1139~1-67548]:AlignUtteranceWrapper():decoder-wrappers.cc:617) Retrying utterance 1970-26100-0014 with beam 40
LOG (gmm-align-compiled[5.5.1139~1-67548]:main():gmm-align-compiled.cc:127) 1970-28415-0007
WARNING (gmm-align-compiled[5.5.1139~1-67548]:AlignUtteranceWrapper():decoder-wrappers.cc:617) Retrying utterance 1970-28415-0007 with beam 40
LOG (gmm-align-compiled[5.5.1139~1-67548]:main():gmm-align-compiled.cc:127) 198-126831-0048
WARNING (gmm-align-compiled[5.5.1139~1-67548]:AlignUtteranceWrapper():decoder-wrappers.cc:617) Retrying utterance 198-126831-0048 with beam 40
LOG (gmm-align-compiled[5.5.1139~1-67548]:main():gmm-align-compiled.cc:127) 198-129977-0015
WARNING (gmm-align-compiled[5.5.1139~1-67548]:AlignUtteranceWrapper():decoder-wrappers.cc:617) Retrying utterance 198-129977-0015 with beam 40
LOG (gmm-align-compiled[5.5.1139~1-67548]:main():gmm-align-compiled.cc:127) 198-209-0023
WARNING (gmm-align-compiled[5.5.1139~1-67548]:AlignUtteranceWrapper():decoder-wrappers.cc:617) Retrying utterance 198-209-0023 with beam 40
WARNING (gmm-align-compiled[5.5.1139~1-67548]:AlignUtteranceWrapper():decoder-wrappers.cc:626) Did not successfully decode file 198-209-0023, len = 1630
LOG (gmm-align-compiled[5.5.1139~1-67548]:main():gmm-align-compiled.cc:127) 1992-141719-0006
WARNING (gmm-align-compiled[5.5.1139~1-67548]:AlignUtteranceWrapper():decoder-wrappers.cc:617) Retrying utterance 1992-141719-0006 with beam 40
LOG (gmm-align-compiled[5.5.1139~1-67548]:main():gmm-align-compiled.cc:127) 200-124139-0007
WARNING (gmm-align-compiled[5.5.1139~1-67548]:AlignUtteranceWrapper():decoder-wrappers.cc:617) Retrying utterance 200-124139-0007 with beam 40
LOG (gmm-align-compiled[5.5.1139~1-67548]:main():gmm-align-compiled.cc:127) 200-124140-0025
WARNING (gmm-align-compiled[5.5.1139~1-67548]:AlignUtteranceWrapper():decoder-wrappers.cc:617) Retrying utterance 200-124140-0025 with beam 40
LOG (gmm-align-compiled[5.5.1139~1-67548]:main():gmm-align-compiled.cc:127) 200-126784-0024
WARNING (gmm-align-compiled[5.5.1139~1-67548]:AlignUtteranceWrapper():decoder-wrappers.cc:617) Retrying utterance 200-126784-0024 with beam 40
WARNING (gmm-align-compiled[5.5.1139~1-67548]:AlignUtteranceWrapper():decoder-wrappers.cc:626) Did not successfully decode file 200-126784-0024, len = 1596
LOG (gmm-align-compiled[5.5.1139~1-67548]:main():gmm-align-compiled.cc:127) 2002-139469-0024
WARNING (gmm-align-compiled[5.5.1139~1-67548]:AlignUtteranceWrapper():decoder-wrappers.cc:617) Retrying utterance 2002-139469-0024 with beam 40
LOG (gmm-align-compiled[5.5.1139~1-67548]:main():gmm-align-compiled.cc:127) 2007-132570-0035
WARNING (gmm-align-compiled[5.5.1139~1-67548]:AlignUtteranceWrapper():decoder-wrappers.cc:617) Retrying utterance 2007-132570-0035 with beam 40
LOG (gmm-align-compiled[5.5.1139~1-67548]:main():gmm-align-compiled.cc:127) 2007-149877-0003
WARNING (gmm-align-compiled[5.5.1139~1-67548]:AlignUtteranceWrapper():decoder-wrappers.cc:617) Retrying utterance 2007-149877-0003 with beam 40
WARNING (gmm-align-compiled[5.5.1139~1-67548]:AlignUtteranceWrapper():decoder-wrappers.cc:626) Did not successfully decode file 2007-149877-0003, len = 1617
LOG (gmm-align-compiled[5.5.1139~1-67548]:main():gmm-align-compiled.cc:127) 201-122255-0026
WARNING (gmm-align-compiled[5.5.1139~1-67548]:AlignUtteranceWrapper():decoder-wrappers.cc:617) Retrying utterance 201-122255-0026 with beam 40
LOG (gmm-align-compiled[5.5.1139~1-67548]:main():gmm-align-compiled.cc:127) 201-127786-0015
WARNING (gmm-align-compiled[5.5.1139~1-67548]:AlignUtteranceWrapper():decoder-wrappers.cc:617) Retrying utterance 201-127786-0015 with beam 40
LOG (gmm-align-compiled[5.5.1139~1-67548]:main():gmm-align-compiled.cc:127) 2092-145706-0060
WARNING (gmm-align-compiled[5.5.1139~1-67548]:AlignUtteranceWrapper():decoder-wrappers.cc:617) Retrying utterance 2092-145706-0060 with beam 40
WARNING (gmm-align-compiled[5.5.1139~1-67548]:AlignUtteranceWrapper():decoder-wrappers.cc:626) Did not successfully decode file 2092-145706-0060, len = 1315
LOG (gmm-align-compiled[5.5.1139~1-67548]:main():gmm-align-compiled.cc:127) 2092-145709-0018
WARNING (gmm-align-compiled[5.5.1139~1-67548]:AlignUtteranceWrapper():decoder-wrappers.cc:617) Retrying utterance 2092-145709-0018 with beam 40
LOG (gmm-align-compiled[5.5.1139~1-67548]:main():gmm-align-compiled.cc:127) 211-122425-0046
WARNING (gmm-align-compiled[5.5.1139~1-67548]:AlignUtteranceWrapper():decoder-wrappers.cc:617) Retrying utterance 211-122425-0046 with beam 40
LOG (gmm-align-compiled[5.5.1139~1-67548]:main():gmm-align-compiled.cc:127) 211-122442-0046
WARNING (gmm-align-compiled[5.5.1139~1-67548]:AlignUtteranceWrapper():decoder-wrappers.cc:617) Retrying utterance 211-122442-0046 with beam 40
LOG (gmm-align-compiled[5.5.1139~1-67548]:main():gmm-align-compiled.cc:127) 2136-5140-0035
WARNING (gmm-align-compiled[5.5.1139~1-67548]:AlignUtteranceWrapper():decoder-wrappers.cc:617) Retrying utterance 2136-5140-0035 with beam 40
WARNING (gmm-align-compiled[5.5.1139~1-67548]:AlignUtteranceWrapper():decoder-wrappers.cc:626) Did not successfully decode file 2136-5140-0035, len = 1566
LOG (gmm-align-compiled[5.5.1139~1-67548]:main():gmm-align-compiled.cc:127) 2136-5143-0033
WARNING (gmm-align-compiled[5.5.1139~1-67548]:AlignUtteranceWrapper():decoder-wrappers.cc:617) Retrying utterance 2136-5143-0033 with beam 40
WARNING (gmm-align-compiled[5.5.1139~1-67548]:AlignUtteranceWrapper():decoder-wrappers.cc:626) Did not successfully decode file 2136-5143-0033, len = 1534
LOG (gmm-align-compiled[5.5.1139~1-67548]:main():gmm-align-compiled.cc:127) 2136-5147-0037
WARNING (gmm-align-compiled[5.5.1139~1-67548]:AlignUtteranceWrapper():decoder-wrappers.cc:617) Retrying utterance 2136-5147-0037 with beam 40
LOG (gmm-align-compiled[5.5.1139~1-67548]:main():gmm-align-compiled.cc:127) 2159-179154-0006
WARNING (gmm-align-compiled[5.5.1139~1-67548]:AlignUtteranceWrapper():decoder-wrappers.cc:617) Retrying utterance 2159-179154-0006 with beam 40
LOG (gmm-align-compiled[5.5.1139~1-67548]:main():gmm-align-compiled.cc:127) 2159-179156-0023
WARNING (gmm-align-compiled[5.5.1139~1-67548]:AlignUtteranceWrapper():decoder-wrappers.cc:617) Retrying utterance 2159-179156-0023 with beam 40
LOG (gmm-align-compiled[5.5.1139~1-67548]:main():gmm-align-compiled.cc:127) 2159-179157-0026
WARNING (gmm-align-compiled[5.5.1139~1-67548]:AlignUtteranceWrapper():decoder-wrappers.cc:617) Retrying utterance 2159-179157-0026 with beam 40
LOG (gmm-align-compiled[5.5.1139~1-67548]:main():gmm-align-compiled.cc:127) 2182-150130-0026
WARNING (gmm-align-compiled[5.5.1139~1-67548]:AlignUtteranceWrapper():decoder-wrappers.cc:617) Retrying utterance 2182-150130-0026 with beam 40
WARNING (gmm-align-compiled[5.5.1139~1-67548]:AlignUtteranceWrapper():decoder-wrappers.cc:626) Did not successfully decode file 2182-150130-0026, len = 1498
LOG (gmm-align-compiled[5.5.1139~1-67548]:main():gmm-align-compiled.cc:127) 2182-181173-0017
WARNING (gmm-align-compiled[5.5.1139~1-67548]:AlignUtteranceWrapper():decoder-wrappers.cc:617) Retrying utterance 2182-181173-0017 with beam 40
LOG (gmm-align-compiled[5.5.1139~1-67548]:main():gmm-align-compiled.cc:127) 2182-181183-0011
WARNING (gmm-align-compiled[5.5.1139~1-67548]:AlignUtteranceWrapper():decoder-wrappers.cc:617) Retrying utterance 2182-181183-0011 with beam 40
LOG (gmm-align-compiled[5.5.1139~1-67548]:main():gmm-align-compiled.cc:127) 2196-170151-0005
WARNING (gmm-align-compiled[5.5.1139~1-67548]:AlignUtteranceWrapper():decoder-wrappers.cc:617) Retrying utterance 2196-170151-0005 with beam 40
LOG (gmm-align-compiled[5.5.1139~1-67548]:main():gmm-align-compiled.cc:127) 2196-170379-0001
WARNING (gmm-align-compiled[5.5.1139~1-67548]:AlignUtteranceWrapper():decoder-wrappers.cc:617) Retrying utterance 2196-170379-0001 with beam 40
LOG (gmm-align-compiled[5.5.1139~1-67548]:main():gmm-align-compiled.cc:127) 2196-174172-0034
WARNING (gmm-align-compiled[5.5.1139~1-67548]:AlignUtteranceWrapper():decoder-wrappers.cc:617) Retrying utterance 2196-174172-0034 with beam 40
LOG (gmm-align-compiled[5.5.1139~1-67548]:main():gmm-align-compiled.cc:127) 226-122538-0005
WARNING (gmm-align-compiled[5.5.1139~1-67548]:AlignUtteranceWrapper():decoder-wrappers.cc:617) Retrying utterance 226-122538-0005 with beam 40
LOG (gmm-align-compiled[5.5.1139~1-67548]:main():gmm-align-compiled.cc:127) 226-131532-0005
WARNING (gmm-align-compiled[5.5.1139~1-67548]:AlignUtteranceWrapper():decoder-wrappers.cc:617) Retrying utterance 226-131532-0005 with beam 40
WARNING (gmm-align-compiled[5.5.1139~1-67548]:AlignUtteranceWrapper():decoder-wrappers.cc:626) Did not successfully decode file 226-131532-0005, len = 1524
LOG (gmm-align-compiled[5.5.1139~1-67548]:main():gmm-align-compiled.cc:127) 226-131533-0030
WARNING (gmm-align-compiled[5.5.1139~1-67548]:AlignUtteranceWrapper():decoder-wrappers.cc:617) Retrying utterance 226-131533-0030 with beam 40
LOG (gmm-align-compiled[5.5.1139~1-67548]:main():gmm-align-compiled.cc:127) 2289-152253-0006
WARNING (gmm-align-compiled[5.5.1139~1-67548]:AlignUtteranceWrapper():decoder-wrappers.cc:617) Retrying utterance 2289-152253-0006 with beam 40
LOG (gmm-align-compiled[5.5.1139~1-67548]:main():gmm-align-compiled.cc:127) 2289-152254-0000
WARNING (gmm-align-compiled[5.5.1139~1-67548]:AlignUtteranceWrapper():decoder-wrappers.cc:617) Retrying utterance 2289-152254-0000 with beam 40
WARNING (gmm-align-compiled[5.5.1139~1-67548]:AlignUtteranceWrapper():decoder-wrappers.cc:626) Did not successfully decode file 2289-152254-0000, len = 1544
LOG (gmm-align-compiled[5.5.1139~1-67548]:main():gmm-align-compiled.cc:127) 2289-152257-0025
WARNING (gmm-align-compiled[5.5.1139~1-67548]:AlignUtteranceWrapper():decoder-wrappers.cc:617) Retrying utterance 2289-152257-0025 with beam 40
LOG (gmm-align-compiled[5.5.1139~1-67548]:main():gmm-align-compiled.cc:127) 2289-152258-0023
WARNING (gmm-align-compiled[5.5.1139~1-67548]:AlignUtteranceWrapper():decoder-wrappers.cc:617) Retrying utterance 2289-152258-0023 with beam 40
LOG (gmm-align-compiled[5.5.1139~1-67548]:main():gmm-align-compiled.cc:127) 229-130880-0033
WARNING (gmm-align-compiled[5.5.1139~1-67548]:AlignUtteranceWrapper():decoder-wrappers.cc:617) Retrying utterance 229-130880-0033 with beam 40
WARNING (gmm-align-compiled[5.5.1139~1-67548]:AlignUtteranceWrapper():decoder-wrappers.cc:626) Did not successfully decode file 229-130880-0033, len = 1538
LOG (gmm-align-compiled[5.5.1139~1-67548]:main():gmm-align-compiled.cc:127) 233-134440-0003
WARNING (gmm-align-compiled[5.5.1139~1-67548]:AlignUtteranceWrapper():decoder-wrappers.cc:617) Retrying utterance 233-134440-0003 with beam 40
WARNING (gmm-align-compiled[5.5.1139~1-67548]:AlignUtteranceWrapper():decoder-wrappers.cc:626) Did not successfully decode file 233-134440-0003, len = 1420
LOG (gmm-align-compiled[5.5.1139~1-67548]:main():gmm-align-compiled.cc:127) 233-155990-0029
WARNING (gmm-align-compiled[5.5.1139~1-67548]:AlignUtteranceWrapper():decoder-wrappers.cc:617) Retrying utterance 233-155990-0029 with beam 40
LOG (gmm-align-compiled[5.5.1139~1-67548]:main():gmm-align-compiled.cc:127) 2384-152900-0075
WARNING (gmm-align-compiled[5.5.1139~1-67548]:AlignUtteranceWrapper():decoder-wrappers.cc:617) Retrying utterance 2384-152900-0075 with beam 40
LOG (gmm-align-compiled[5.5.1139~1-67548]:main():gmm-align-compiled.cc:127) 2391-145015-0013
WARNING (gmm-align-compiled[5.5.1139~1-67548]:AlignUtteranceWrapper():decoder-wrappers.cc:617) Retrying utterance 2391-145015-0013 with beam 40
WARNING (gmm-align-compiled[5.5.1139~1-67548]:AlignUtteranceWrapper():decoder-wrappers.cc:626) Did not successfully decode file 2391-145015-0013, len = 1599
LOG (gmm-align-compiled[5.5.1139~1-67548]:main():gmm-align-compiled.cc:127) 2416-152137-0029
WARNING (gmm-align-compiled[5.5.1139~1-67548]:AlignUtteranceWrapper():decoder-wrappers.cc:617) Retrying utterance 2416-152137-0029 with beam 40
LOG (gmm-align-compiled[5.5.1139~1-67548]:main():gmm-align-compiled.cc:127) 2416-152139-0004
WARNING (gmm-align-compiled[5.5.1139~1-67548]:AlignUtteranceWrapper():decoder-wrappers.cc:617) Retrying utterance 2416-152139-0004 with beam 40
LOG (gmm-align-compiled[5.5.1139~1-67548]:main():gmm-align-compiled.cc:127) 2436-2476-0016
WARNING (gmm-align-compiled[5.5.1139~1-67548]:AlignUtteranceWrapper():decoder-wrappers.cc:617) Retrying utterance 2436-2476-0016 with beam 40
WARNING (gmm-align-compiled[5.5.1139~1-67548]:AlignUtteranceWrapper():decoder-wrappers.cc:626) Did not successfully decode file 2436-2476-0016, len = 1448
LOG (gmm-align-compiled[5.5.1139~1-67548]:main():gmm-align-compiled.cc:127) 2436-2477-0026
WARNING (gmm-align-compiled[5.5.1139~1-67548]:AlignUtteranceWrapper():decoder-wrappers.cc:617) Retrying utterance 2436-2477-0026 with beam 40
LOG (gmm-align-compiled[5.5.1139~1-67548]:main():gmm-align-compiled.cc:127) 2436-2481-0022
WARNING (gmm-align-compiled[5.5.1139~1-67548]:AlignUtteranceWrapper():decoder-wrappers.cc:617) Retrying utterance 2436-2481-0022 with beam 40
WARNING (gmm-align-compiled[5.5.1139~1-67548]:AlignUtteranceWrapper():decoder-wrappers.cc:626) Did not successfully decode file 2436-2481-0022, len = 1554
LOG (gmm-align-compiled[5.5.1139~1-67548]:main():gmm-align-compiled.cc:127) 248-130644-0034
WARNING (gmm-align-compiled[5.5.1139~1-67548]:AlignUtteranceWrapper():decoder-wrappers.cc:617) Retrying utterance 248-130644-0034 with beam 40
LOG (gmm-align-compiled[5.5.1139~1-67548]:main():gmm-align-compiled.cc:127) 248-130652-0029
WARNING (gmm-align-compiled[5.5.1139~1-67548]:AlignUtteranceWrapper():decoder-wrappers.cc:617) Retrying utterance 248-130652-0029 with beam 40
WARNING (gmm-align-compiled[5.5.1139~1-67548]:AlignUtteranceWrapper():decoder-wrappers.cc:626) Did not successfully decode file 248-130652-0029, len = 1535
LOG (gmm-align-compiled[5.5.1139~1-67548]:main():gmm-align-compiled.cc:127) 248-130697-0000
WARNING (gmm-align-compiled[5.5.1139~1-67548]:AlignUtteranceWrapper():decoder-wrappers.cc:617) Retrying utterance 248-130697-0000 with beam 40
LOG (gmm-align-compiled[5.5.1139~1-67548]:main():gmm-align-compiled.cc:127) 250-140277-0000
WARNING (gmm-align-compiled[5.5.1139~1-67548]:AlignUtteranceWrapper():decoder-wrappers.cc:617) Retrying utterance 250-140277-0000 with beam 40
WARNING (gmm-align-compiled[5.5.1139~1-67548]:AlignUtteranceWrapper():decoder-wrappers.cc:626) Did not successfully decode file 250-140277-0000, len = 1565
LOG (gmm-align-compiled[5.5.1139~1-67548]:main():gmm-align-compiled.cc:127) 250-142276-0061
WARNING (gmm-align-compiled[5.5.1139~1-67548]:AlignUtteranceWrapper():decoder-wrappers.cc:617) Retrying utterance 250-142276-0061 with beam 40
LOG (gmm-align-compiled[5.5.1139~1-67548]:main():gmm-align-compiled.cc:127) 250-142286-0030
WARNING (gmm-align-compiled[5.5.1139~1-67548]:AlignUtteranceWrapper():decoder-wrappers.cc:617) Retrying utterance 250-142286-0030 with beam 40
LOG (gmm-align-compiled[5.5.1139~1-67548]:main():gmm-align-compiled.cc:127) 2514-149482-0083
WARNING (gmm-align-compiled[5.5.1139~1-67548]:AlignUtteranceWrapper():decoder-wrappers.cc:617) Retrying utterance 2514-149482-0083 with beam 40
LOG (gmm-align-compiled[5.5.1139~1-67548]:main():gmm-align-compiled.cc:127) 2518-154825-0055
WARNING (gmm-align-compiled[5.5.1139~1-67548]:AlignUtteranceWrapper():decoder-wrappers.cc:617) Retrying utterance 2518-154825-0055 with beam 40
LOG (gmm-align-compiled[5.5.1139~1-67548]:main():gmm-align-compiled.cc:127) 2518-154826-0029
WARNING (gmm-align-compiled[5.5.1139~1-67548]:AlignUtteranceWrapper():decoder-wrappers.cc:617) Retrying utterance 2518-154826-0029 with beam 40
LOG (gmm-align-compiled[5.5.1139~1-67548]:main():gmm-align-compiled.cc:127) 254-12312-0009
WARNING (gmm-align-compiled[5.5.1139~1-67548]:AlignUtteranceWrapper():decoder-wrappers.cc:617) Retrying utterance 254-12312-0009 with beam 40
LOG (gmm-align-compiled[5.5.1139~1-67548]:main():gmm-align-compiled.cc:127) 254-127705-0018
WARNING (gmm-align-compiled[5.5.1139~1-67548]:AlignUtteranceWrapper():decoder-wrappers.cc:617) Retrying utterance 254-127705-0018 with beam 40
LOG (gmm-align-compiled[5.5.1139~1-67548]:main():gmm-align-compiled.cc:127) 254-145458-0011
WARNING (gmm-align-compiled[5.5.1139~1-67548]:AlignUtteranceWrapper():decoder-wrappers.cc:617) Retrying utterance 254-145458-0011 with beam 40
LOG (gmm-align-compiled[5.5.1139~1-67548]:main():gmm-align-compiled.cc:127) 254-27760-0026
WARNING (gmm-align-compiled[5.5.1139~1-67548]:AlignUtteranceWrapper():decoder-wrappers.cc:617) Retrying utterance 254-27760-0026 with beam 40
LOG (gmm-align-compiled[5.5.1139~1-67548]:main():gmm-align-compiled.cc:127) 26-495-0002
WARNING (gmm-align-compiled[5.5.1139~1-67548]:AlignUtteranceWrapper():decoder-wrappers.cc:617) Retrying utterance 26-495-0002 with beam 40
LOG (gmm-align-compiled[5.5.1139~1-67548]:main():gmm-align-compiled.cc:127) 26-496-0022
WARNING (gmm-align-compiled[5.5.1139~1-67548]:AlignUtteranceWrapper():decoder-wrappers.cc:617) Retrying utterance 26-496-0022 with beam 40
LOG (gmm-align-compiled[5.5.1139~1-67548]:main():gmm-align-compiled.cc:127) 2691-156745-0022
WARNING (gmm-align-compiled[5.5.1139~1-67548]:AlignUtteranceWrapper():decoder-wrappers.cc:617) Retrying utterance 2691-156745-0022 with beam 40
LOG (apply-cmvn[5.5.1139~1-67548]:main():apply-cmvn.cc:162) Applied cepstral mean normalization to 148 utterances, errors on 0
LOG (gmm-align-compiled[5.5.1139~1-67548]:main():gmm-align-compiled.cc:127) 2691-156750-0004
WARNING (gmm-align-compiled[5.5.1139~1-67548]:AlignUtteranceWrapper():decoder-wrappers.cc:617) Retrying utterance 2691-156750-0004 with beam 40
LOG (gmm-align-compiled[5.5.1139~1-67548]:main():gmm-align-compiled.cc:127) 2691-156755-0031
WARNING (gmm-align-compiled[5.5.1139~1-67548]:AlignUtteranceWrapper():decoder-wrappers.cc:617) Retrying utterance 2691-156755-0031 with beam 40
WARNING (gmm-align-compiled[5.5.1139~1-67548]:AlignUtteranceWrapper():decoder-wrappers.cc:626) Did not successfully decode file 2691-156755-0031, len = 1427
LOG (gmm-align-compiled[5.5.1139~1-67548]:main():gmm-align-compiled.cc:135) Overall log-likelihood per frame is -110.5 over 108855 frames.
LOG (gmm-align-compiled[5.5.1139~1-67548]:main():gmm-align-compiled.cc:137) Retried 147 out of 148 utterances.
LOG (gmm-align-compiled[5.5.1139~1-67548]:main():gmm-align-compiled.cc:139) Done 101, errors on 47
# Accounting: time=90 threads=1
# Ended (code 0) at Sat Aug 31 07:43:25 UTC 2024, elapsed time 90 seconds
