# gmm-align-compiled --transition-scale=1.0 --acoustic-scale=0.1 --self-loop-scale=0.1 --beam=10 --retry-beam=40 --careful=false "gmm-boost-silence --boost=1.0 1 exp/mono/2.mdl - |" "ark:gunzip -c exp/mono/fsts.4.gz|" "ark,s,cs:apply-cmvn  --utt2spk=ark:data/train/split4/4/utt2spk scp:data/train/split4/4/cmvn.scp scp:data/train/split4/4/feats.scp ark:- | add-deltas  ark:- ark:- |" "ark,t:|gzip -c >exp/mono/ali.4.gz" 
# Started at Sat Aug 31 07:43:34 UTC 2024
#
gmm-align-compiled --transition-scale=1.0 --acoustic-scale=0.1 --self-loop-scale=0.1 --beam=10 --retry-beam=40 --careful=false 'gmm-boost-silence --boost=1.0 1 exp/mono/2.mdl - |' 'ark:gunzip -c exp/mono/fsts.4.gz|' 'ark,s,cs:apply-cmvn  --utt2spk=ark:data/train/split4/4/utt2spk scp:data/train/split4/4/cmvn.scp scp:data/train/split4/4/feats.scp ark:- | add-deltas  ark:- ark:- |' 'ark,t:|gzip -c >exp/mono/ali.4.gz' 
gmm-boost-silence --boost=1.0 1 exp/mono/2.mdl - 
WARNING (gmm-boost-silence[5.5.1139~1-67548]:main():gmm-boost-silence.cc:82) The pdfs for the silence phones may be shared by other phones (note: this probably does not matter.)
LOG (gmm-boost-silence[5.5.1139~1-67548]:main():gmm-boost-silence.cc:93) Boosted weights for 5 pdfs, by factor of 1
LOG (gmm-boost-silence[5.5.1139~1-67548]:main():gmm-boost-silence.cc:103) Wrote model to -
add-deltas ark:- ark:- 
apply-cmvn --utt2spk=ark:data/train/split4/4/utt2spk scp:data/train/split4/4/cmvn.scp scp:data/train/split4/4/feats.scp ark:- 
LOG (gmm-align-compiled[5.5.1139~1-67548]:main():gmm-align-compiled.cc:127) 6848-252322-0027
WARNING (gmm-align-compiled[5.5.1139~1-67548]:AlignUtteranceWrapper():decoder-wrappers.cc:617) Retrying utterance 6848-252322-0027 with beam 40
LOG (gmm-align-compiled[5.5.1139~1-67548]:main():gmm-align-compiled.cc:127) 6848-252323-0008
LOG (gmm-align-compiled[5.5.1139~1-67548]:main():gmm-align-compiled.cc:127) 6848-76049-0009
LOG (gmm-align-compiled[5.5.1139~1-67548]:main():gmm-align-compiled.cc:127) 6880-216547-0056
LOG (gmm-align-compiled[5.5.1139~1-67548]:main():gmm-align-compiled.cc:127) 6925-80680-0083
WARNING (gmm-align-compiled[5.5.1139~1-67548]:AlignUtteranceWrapper():decoder-wrappers.cc:617) Retrying utterance 6925-80680-0083 with beam 40
LOG (gmm-align-compiled[5.5.1139~1-67548]:main():gmm-align-compiled.cc:127) 696-92939-0019
WARNING (gmm-align-compiled[5.5.1139~1-67548]:AlignUtteranceWrapper():decoder-wrappers.cc:617) Retrying utterance 696-92939-0019 with beam 40
LOG (gmm-align-compiled[5.5.1139~1-67548]:main():gmm-align-compiled.cc:127) 696-93314-0014
LOG (gmm-align-compiled[5.5.1139~1-67548]:main():gmm-align-compiled.cc:127) 7059-77897-0014
WARNING (gmm-align-compiled[5.5.1139~1-67548]:AlignUtteranceWrapper():decoder-wrappers.cc:617) Retrying utterance 7059-77897-0014 with beam 40
LOG (gmm-align-compiled[5.5.1139~1-67548]:main():gmm-align-compiled.cc:127) 7059-77900-0001
WARNING (gmm-align-compiled[5.5.1139~1-67548]:AlignUtteranceWrapper():decoder-wrappers.cc:617) Retrying utterance 7059-77900-0001 with beam 40
LOG (gmm-align-compiled[5.5.1139~1-67548]:main():gmm-align-compiled.cc:127) 7059-88364-0015
LOG (gmm-align-compiled[5.5.1139~1-67548]:main():gmm-align-compiled.cc:127) 7067-76047-0018
LOG (gmm-align-compiled[5.5.1139~1-67548]:main():gmm-align-compiled.cc:127) 7067-76048-0046
WARNING (gmm-align-compiled[5.5.1139~1-67548]:AlignUtteranceWrapper():decoder-wrappers.cc:617) Retrying utterance 7067-76048-0046 with beam 40
LOG (gmm-align-compiled[5.5.1139~1-67548]:main():gmm-align-compiled.cc:127) 7078-271888-0073
LOG (gmm-align-compiled[5.5.1139~1-67548]:main():gmm-align-compiled.cc:127) 7113-86041-0018
WARNING (gmm-align-compiled[5.5.1139~1-67548]:AlignUtteranceWrapper():decoder-wrappers.cc:617) Retrying utterance 7113-86041-0018 with beam 40
LOG (gmm-align-compiled[5.5.1139~1-67548]:main():gmm-align-compiled.cc:127) 7148-59157-0037
LOG (gmm-align-compiled[5.5.1139~1-67548]:main():gmm-align-compiled.cc:127) 7148-7763-0021
LOG (gmm-align-compiled[5.5.1139~1-67548]:main():gmm-align-compiled.cc:127) 7148-82991-0006
LOG (gmm-align-compiled[5.5.1139~1-67548]:main():gmm-align-compiled.cc:127) 7178-34644-0026
LOG (gmm-align-compiled[5.5.1139~1-67548]:main():gmm-align-compiled.cc:127) 7178-34645-0007
LOG (gmm-align-compiled[5.5.1139~1-67548]:main():gmm-align-compiled.cc:127) 7190-90542-0053
WARNING (gmm-align-compiled[5.5.1139~1-67548]:AlignUtteranceWrapper():decoder-wrappers.cc:617) Retrying utterance 7190-90542-0053 with beam 40
LOG (gmm-align-compiled[5.5.1139~1-67548]:main():gmm-align-compiled.cc:127) 7190-90543-0040
WARNING (gmm-align-compiled[5.5.1139~1-67548]:AlignUtteranceWrapper():decoder-wrappers.cc:617) Retrying utterance 7190-90543-0040 with beam 40
LOG (gmm-align-compiled[5.5.1139~1-67548]:main():gmm-align-compiled.cc:127) 7226-86964-0020
LOG (gmm-align-compiled[5.5.1139~1-67548]:main():gmm-align-compiled.cc:127) 7226-86965-0042
WARNING (gmm-align-compiled[5.5.1139~1-67548]:AlignUtteranceWrapper():decoder-wrappers.cc:617) Retrying utterance 7226-86965-0042 with beam 40
LOG (gmm-align-compiled[5.5.1139~1-67548]:main():gmm-align-compiled.cc:127) 7264-92310-0014
LOG (gmm-align-compiled[5.5.1139~1-67548]:main():gmm-align-compiled.cc:127) 7264-92314-0014
LOG (gmm-align-compiled[5.5.1139~1-67548]:main():gmm-align-compiled.cc:127) 7264-92316-0031
WARNING (gmm-align-compiled[5.5.1139~1-67548]:AlignUtteranceWrapper():decoder-wrappers.cc:617) Retrying utterance 7264-92316-0031 with beam 40
LOG (gmm-align-compiled[5.5.1139~1-67548]:main():gmm-align-compiled.cc:127) 7278-104730-0036
LOG (gmm-align-compiled[5.5.1139~1-67548]:main():gmm-align-compiled.cc:127) 7278-246956-0013
LOG (gmm-align-compiled[5.5.1139~1-67548]:main():gmm-align-compiled.cc:127) 7278-91083-0000
WARNING (gmm-align-compiled[5.5.1139~1-67548]:AlignUtteranceWrapper():decoder-wrappers.cc:617) Retrying utterance 7278-91083-0000 with beam 40
LOG (gmm-align-compiled[5.5.1139~1-67548]:main():gmm-align-compiled.cc:127) 730-358-0054
LOG (gmm-align-compiled[5.5.1139~1-67548]:main():gmm-align-compiled.cc:127) 730-359-0012
LOG (gmm-align-compiled[5.5.1139~1-67548]:main():gmm-align-compiled.cc:127) 730-360-0017
LOG (gmm-align-compiled[5.5.1139~1-67548]:main():gmm-align-compiled.cc:127) 7302-86814-0029
LOG (gmm-align-compiled[5.5.1139~1-67548]:main():gmm-align-compiled.cc:127) 7302-86815-0001
LOG (gmm-align-compiled[5.5.1139~1-67548]:main():gmm-align-compiled.cc:127) 7312-92432-0004
LOG (gmm-align-compiled[5.5.1139~1-67548]:main():gmm-align-compiled.cc:127) 7367-86737-0072
LOG (gmm-align-compiled[5.5.1139~1-67548]:main():gmm-align-compiled.cc:127) 7402-59171-0028
LOG (gmm-align-compiled[5.5.1139~1-67548]:main():gmm-align-compiled.cc:127) 7402-90848-0032
WARNING (gmm-align-compiled[5.5.1139~1-67548]:AlignUtteranceWrapper():decoder-wrappers.cc:617) Retrying utterance 7402-90848-0032 with beam 40
LOG (gmm-align-compiled[5.5.1139~1-67548]:main():gmm-align-compiled.cc:127) 7447-91186-0043
LOG (gmm-align-compiled[5.5.1139~1-67548]:main():gmm-align-compiled.cc:127) 7447-91187-0005
LOG (gmm-align-compiled[5.5.1139~1-67548]:main():gmm-align-compiled.cc:127) 7505-258958-0003
LOG (gmm-align-compiled[5.5.1139~1-67548]:main():gmm-align-compiled.cc:127) 7505-258964-0001
LOG (gmm-align-compiled[5.5.1139~1-67548]:main():gmm-align-compiled.cc:127) 7505-83618-0011
LOG (gmm-align-compiled[5.5.1139~1-67548]:main():gmm-align-compiled.cc:127) 7511-102419-0049
WARNING (gmm-align-compiled[5.5.1139~1-67548]:AlignUtteranceWrapper():decoder-wrappers.cc:617) Retrying utterance 7511-102419-0049 with beam 40
LOG (gmm-align-compiled[5.5.1139~1-67548]:main():gmm-align-compiled.cc:127) 7511-102420-0039
WARNING (gmm-align-compiled[5.5.1139~1-67548]:AlignUtteranceWrapper():decoder-wrappers.cc:617) Retrying utterance 7511-102420-0039 with beam 40
LOG (gmm-align-compiled[5.5.1139~1-67548]:main():gmm-align-compiled.cc:127) 7517-100429-0032
LOG (gmm-align-compiled[5.5.1139~1-67548]:main():gmm-align-compiled.cc:127) 7517-100437-0016
LOG (gmm-align-compiled[5.5.1139~1-67548]:main():gmm-align-compiled.cc:127) 7517-100442-0007
LOG (gmm-align-compiled[5.5.1139~1-67548]:main():gmm-align-compiled.cc:127) 7635-105409-0043
LOG (gmm-align-compiled[5.5.1139~1-67548]:main():gmm-align-compiled.cc:127) 7635-105661-0033
LOG (gmm-align-compiled[5.5.1139~1-67548]:main():gmm-align-compiled.cc:127) 7780-274562-0033
LOG (gmm-align-compiled[5.5.1139~1-67548]:main():gmm-align-compiled.cc:127) 7794-295947-0042
LOG (gmm-align-compiled[5.5.1139~1-67548]:main():gmm-align-compiled.cc:127) 7794-295948-0000
LOG (gmm-align-compiled[5.5.1139~1-67548]:main():gmm-align-compiled.cc:127) 7794-295955-0004
LOG (gmm-align-compiled[5.5.1139~1-67548]:main():gmm-align-compiled.cc:127) 78-368-0037
LOG (gmm-align-compiled[5.5.1139~1-67548]:main():gmm-align-compiled.cc:127) 78-369-0012
LOG (gmm-align-compiled[5.5.1139~1-67548]:main():gmm-align-compiled.cc:127) 7800-283478-0007
LOG (gmm-align-compiled[5.5.1139~1-67548]:main():gmm-align-compiled.cc:127) 7800-283492-0033
WARNING (gmm-align-compiled[5.5.1139~1-67548]:AlignUtteranceWrapper():decoder-wrappers.cc:617) Retrying utterance 7800-283492-0033 with beam 40
LOG (gmm-align-compiled[5.5.1139~1-67548]:main():gmm-align-compiled.cc:127) 7800-283493-0025
WARNING (gmm-align-compiled[5.5.1139~1-67548]:AlignUtteranceWrapper():decoder-wrappers.cc:617) Retrying utterance 7800-283493-0025 with beam 40
LOG (gmm-align-compiled[5.5.1139~1-67548]:main():gmm-align-compiled.cc:127) 7859-102518-0000
LOG (gmm-align-compiled[5.5.1139~1-67548]:main():gmm-align-compiled.cc:127) 7859-102519-0002
LOG (gmm-align-compiled[5.5.1139~1-67548]:main():gmm-align-compiled.cc:127) 7859-102521-0017
WARNING (gmm-align-compiled[5.5.1139~1-67548]:AlignUtteranceWrapper():decoder-wrappers.cc:617) Retrying utterance 7859-102521-0017 with beam 40
LOG (gmm-align-compiled[5.5.1139~1-67548]:main():gmm-align-compiled.cc:127) 8014-112586-0014
LOG (gmm-align-compiled[5.5.1139~1-67548]:main():gmm-align-compiled.cc:127) 8014-112602-0039
LOG (gmm-align-compiled[5.5.1139~1-67548]:main():gmm-align-compiled.cc:127) 8014-280382-0006
WARNING (gmm-align-compiled[5.5.1139~1-67548]:AlignUtteranceWrapper():decoder-wrappers.cc:617) Retrying utterance 8014-280382-0006 with beam 40
LOG (gmm-align-compiled[5.5.1139~1-67548]:main():gmm-align-compiled.cc:127) 8051-118101-0013
WARNING (gmm-align-compiled[5.5.1139~1-67548]:AlignUtteranceWrapper():decoder-wrappers.cc:617) Retrying utterance 8051-118101-0013 with beam 40
LOG (gmm-align-compiled[5.5.1139~1-67548]:main():gmm-align-compiled.cc:127) 8051-119902-0021
LOG (gmm-align-compiled[5.5.1139~1-67548]:main():gmm-align-compiled.cc:127) 8051-295385-0002
LOG (gmm-align-compiled[5.5.1139~1-67548]:main():gmm-align-compiled.cc:127) 8063-274112-0007
LOG (gmm-align-compiled[5.5.1139~1-67548]:main():gmm-align-compiled.cc:127) 8063-274115-0026
LOG (gmm-align-compiled[5.5.1139~1-67548]:main():gmm-align-compiled.cc:127) 8063-274116-0035
LOG (gmm-align-compiled[5.5.1139~1-67548]:main():gmm-align-compiled.cc:127) 8063-274117-0020
LOG (gmm-align-compiled[5.5.1139~1-67548]:main():gmm-align-compiled.cc:127) 8088-284756-0034
WARNING (gmm-align-compiled[5.5.1139~1-67548]:AlignUtteranceWrapper():decoder-wrappers.cc:617) Retrying utterance 8088-284756-0034 with beam 40
WARNING (gmm-align-compiled[5.5.1139~1-67548]:AlignUtteranceWrapper():decoder-wrappers.cc:626) Did not successfully decode file 8088-284756-0034, len = 1495
LOG (gmm-align-compiled[5.5.1139~1-67548]:main():gmm-align-compiled.cc:127) 8095-274345-0034
LOG (gmm-align-compiled[5.5.1139~1-67548]:main():gmm-align-compiled.cc:127) 8095-274346-0028
LOG (gmm-align-compiled[5.5.1139~1-67548]:main():gmm-align-compiled.cc:127) 8095-274348-0014
LOG (gmm-align-compiled[5.5.1139~1-67548]:main():gmm-align-compiled.cc:127) 8098-275181-0008
LOG (gmm-align-compiled[5.5.1139~1-67548]:main():gmm-align-compiled.cc:127) 8098-278252-0038
LOG (gmm-align-compiled[5.5.1139~1-67548]:main():gmm-align-compiled.cc:127) 8098-278278-0033
LOG (gmm-align-compiled[5.5.1139~1-67548]:main():gmm-align-compiled.cc:127) 8108-274318-0041
LOG (gmm-align-compiled[5.5.1139~1-67548]:main():gmm-align-compiled.cc:127) 8108-280354-0021
WARNING (gmm-align-compiled[5.5.1139~1-67548]:AlignUtteranceWrapper():decoder-wrappers.cc:617) Retrying utterance 8108-280354-0021 with beam 40
LOG (gmm-align-compiled[5.5.1139~1-67548]:main():gmm-align-compiled.cc:127) 8108-280359-0025
LOG (gmm-align-compiled[5.5.1139~1-67548]:main():gmm-align-compiled.cc:127) 8123-275193-0024
WARNING (gmm-align-compiled[5.5.1139~1-67548]:AlignUtteranceWrapper():decoder-wrappers.cc:617) Retrying utterance 8123-275193-0024 with beam 40
LOG (gmm-align-compiled[5.5.1139~1-67548]:main():gmm-align-compiled.cc:127) 8123-275209-0011
WARNING (gmm-align-compiled[5.5.1139~1-67548]:AlignUtteranceWrapper():decoder-wrappers.cc:617) Retrying utterance 8123-275209-0011 with beam 40
LOG (gmm-align-compiled[5.5.1139~1-67548]:main():gmm-align-compiled.cc:127) 8123-275216-0032
WARNING (gmm-align-compiled[5.5.1139~1-67548]:AlignUtteranceWrapper():decoder-wrappers.cc:617) Retrying utterance 8123-275216-0032 with beam 40
LOG (gmm-align-compiled[5.5.1139~1-67548]:main():gmm-align-compiled.cc:127) 8226-274369-0063
LOG (gmm-align-compiled[5.5.1139~1-67548]:main():gmm-align-compiled.cc:127) 8226-274371-0042
LOG (gmm-align-compiled[5.5.1139~1-67548]:main():gmm-align-compiled.cc:127) 8238-274553-0045
LOG (gmm-align-compiled[5.5.1139~1-67548]:main():gmm-align-compiled.cc:127) 8238-283452-0007
LOG (gmm-align-compiled[5.5.1139~1-67548]:main():gmm-align-compiled.cc:127) 83-11691-0028
LOG (gmm-align-compiled[5.5.1139~1-67548]:main():gmm-align-compiled.cc:127) 83-3054-0010
LOG (gmm-align-compiled[5.5.1139~1-67548]:main():gmm-align-compiled.cc:127) 83-9960-0007
WARNING (gmm-align-compiled[5.5.1139~1-67548]:AlignUtteranceWrapper():decoder-wrappers.cc:617) Retrying utterance 83-9960-0007 with beam 40
LOG (gmm-align-compiled[5.5.1139~1-67548]:main():gmm-align-compiled.cc:127) 831-130739-0001
WARNING (gmm-align-compiled[5.5.1139~1-67548]:AlignUtteranceWrapper():decoder-wrappers.cc:617) Retrying utterance 831-130739-0001 with beam 40
LOG (gmm-align-compiled[5.5.1139~1-67548]:main():gmm-align-compiled.cc:127) 831-130746-0003
LOG (gmm-align-compiled[5.5.1139~1-67548]:main():gmm-align-compiled.cc:127) 8312-279790-0045
LOG (gmm-align-compiled[5.5.1139~1-67548]:main():gmm-align-compiled.cc:127) 8312-279791-0000
LOG (gmm-align-compiled[5.5.1139~1-67548]:main():gmm-align-compiled.cc:127) 8324-286681-0003
WARNING (gmm-align-compiled[5.5.1139~1-67548]:AlignUtteranceWrapper():decoder-wrappers.cc:617) Retrying utterance 8324-286681-0003 with beam 40
LOG (gmm-align-compiled[5.5.1139~1-67548]:main():gmm-align-compiled.cc:127) 8324-286682-0014
LOG (gmm-align-compiled[5.5.1139~1-67548]:main():gmm-align-compiled.cc:127) 8324-286683-0034
WARNING (gmm-align-compiled[5.5.1139~1-67548]:AlignUtteranceWrapper():decoder-wrappers.cc:617) Retrying utterance 8324-286683-0034 with beam 40
LOG (gmm-align-compiled[5.5.1139~1-67548]:main():gmm-align-compiled.cc:127) 839-130898-0034
LOG (gmm-align-compiled[5.5.1139~1-67548]:main():gmm-align-compiled.cc:127) 8419-286667-0003
WARNING (gmm-align-compiled[5.5.1139~1-67548]:AlignUtteranceWrapper():decoder-wrappers.cc:617) Retrying utterance 8419-286667-0003 with beam 40
LOG (gmm-align-compiled[5.5.1139~1-67548]:main():gmm-align-compiled.cc:127) 8419-286676-0026
LOG (gmm-align-compiled[5.5.1139~1-67548]:main():gmm-align-compiled.cc:127) 8419-293469-0025
WARNING (gmm-align-compiled[5.5.1139~1-67548]:AlignUtteranceWrapper():decoder-wrappers.cc:617) Retrying utterance 8419-293469-0025 with beam 40
LOG (gmm-align-compiled[5.5.1139~1-67548]:main():gmm-align-compiled.cc:127) 8419-293473-0017
LOG (gmm-align-compiled[5.5.1139~1-67548]:main():gmm-align-compiled.cc:127) 8425-246962-0028
LOG (gmm-align-compiled[5.5.1139~1-67548]:main():gmm-align-compiled.cc:127) 8425-287387-0012
LOG (gmm-align-compiled[5.5.1139~1-67548]:main():gmm-align-compiled.cc:127) 8425-291444-0006
LOG (gmm-align-compiled[5.5.1139~1-67548]:main():gmm-align-compiled.cc:127) 8425-292520-0022
LOG (gmm-align-compiled[5.5.1139~1-67548]:main():gmm-align-compiled.cc:127) 8465-246940-0007
LOG (gmm-align-compiled[5.5.1139~1-67548]:main():gmm-align-compiled.cc:127) 8465-246942-0023
WARNING (gmm-align-compiled[5.5.1139~1-67548]:AlignUtteranceWrapper():decoder-wrappers.cc:617) Retrying utterance 8465-246942-0023 with beam 40
LOG (gmm-align-compiled[5.5.1139~1-67548]:main():gmm-align-compiled.cc:127) 8465-246943-0024
WARNING (gmm-align-compiled[5.5.1139~1-67548]:AlignUtteranceWrapper():decoder-wrappers.cc:617) Retrying utterance 8465-246943-0024 with beam 40
LOG (gmm-align-compiled[5.5.1139~1-67548]:main():gmm-align-compiled.cc:127) 8465-246947-0013
WARNING (gmm-align-compiled[5.5.1139~1-67548]:AlignUtteranceWrapper():decoder-wrappers.cc:617) Retrying utterance 8465-246947-0013 with beam 40
LOG (gmm-align-compiled[5.5.1139~1-67548]:main():gmm-align-compiled.cc:127) 8468-286673-0015
WARNING (gmm-align-compiled[5.5.1139~1-67548]:AlignUtteranceWrapper():decoder-wrappers.cc:617) Retrying utterance 8468-286673-0015 with beam 40
LOG (gmm-align-compiled[5.5.1139~1-67548]:main():gmm-align-compiled.cc:127) 8468-294887-0017
LOG (gmm-align-compiled[5.5.1139~1-67548]:main():gmm-align-compiled.cc:127) 8468-295198-0026
WARNING (gmm-align-compiled[5.5.1139~1-67548]:AlignUtteranceWrapper():decoder-wrappers.cc:617) Retrying utterance 8468-295198-0026 with beam 40
LOG (gmm-align-compiled[5.5.1139~1-67548]:main():gmm-align-compiled.cc:127) 8580-287363-0005
WARNING (gmm-align-compiled[5.5.1139~1-67548]:AlignUtteranceWrapper():decoder-wrappers.cc:617) Retrying utterance 8580-287363-0005 with beam 40
LOG (gmm-align-compiled[5.5.1139~1-67548]:main():gmm-align-compiled.cc:127) 8580-287364-0039
WARNING (gmm-align-compiled[5.5.1139~1-67548]:AlignUtteranceWrapper():decoder-wrappers.cc:617) Retrying utterance 8580-287364-0039 with beam 40
LOG (gmm-align-compiled[5.5.1139~1-67548]:main():gmm-align-compiled.cc:127) 8609-262281-0000
WARNING (gmm-align-compiled[5.5.1139~1-67548]:AlignUtteranceWrapper():decoder-wrappers.cc:617) Retrying utterance 8609-262281-0000 with beam 40
LOG (gmm-align-compiled[5.5.1139~1-67548]:main():gmm-align-compiled.cc:127) 8609-283227-0006
WARNING (gmm-align-compiled[5.5.1139~1-67548]:AlignUtteranceWrapper():decoder-wrappers.cc:617) Retrying utterance 8609-283227-0006 with beam 40
LOG (gmm-align-compiled[5.5.1139~1-67548]:main():gmm-align-compiled.cc:127) 8629-261139-0035
LOG (gmm-align-compiled[5.5.1139~1-67548]:main():gmm-align-compiled.cc:127) 8629-261140-0033
LOG (gmm-align-compiled[5.5.1139~1-67548]:main():gmm-align-compiled.cc:127) 8630-305212-0039
LOG (gmm-align-compiled[5.5.1139~1-67548]:main():gmm-align-compiled.cc:127) 8630-305213-0014
WARNING (gmm-align-compiled[5.5.1139~1-67548]:AlignUtteranceWrapper():decoder-wrappers.cc:617) Retrying utterance 8630-305213-0014 with beam 40
LOG (gmm-align-compiled[5.5.1139~1-67548]:main():gmm-align-compiled.cc:127) 87-121553-0097
LOG (gmm-align-compiled[5.5.1139~1-67548]:main():gmm-align-compiled.cc:127) 8747-293952-0100
LOG (gmm-align-compiled[5.5.1139~1-67548]:main():gmm-align-compiled.cc:127) 8770-295462-0002
LOG (gmm-align-compiled[5.5.1139~1-67548]:main():gmm-align-compiled.cc:127) 8770-295463-0016
LOG (gmm-align-compiled[5.5.1139~1-67548]:main():gmm-align-compiled.cc:127) 8770-295465-0039
LOG (gmm-align-compiled[5.5.1139~1-67548]:main():gmm-align-compiled.cc:127) 8797-294123-0003
LOG (gmm-align-compiled[5.5.1139~1-67548]:main():gmm-align-compiled.cc:127) 8838-298545-0023
WARNING (gmm-align-compiled[5.5.1139~1-67548]:AlignUtteranceWrapper():decoder-wrappers.cc:617) Retrying utterance 8838-298545-0023 with beam 40
LOG (gmm-align-compiled[5.5.1139~1-67548]:main():gmm-align-compiled.cc:127) 8838-298546-0025
WARNING (gmm-align-compiled[5.5.1139~1-67548]:AlignUtteranceWrapper():decoder-wrappers.cc:617) Retrying utterance 8838-298546-0025 with beam 40
LOG (gmm-align-compiled[5.5.1139~1-67548]:main():gmm-align-compiled.cc:127) 887-123289-0027
LOG (gmm-align-compiled[5.5.1139~1-67548]:main():gmm-align-compiled.cc:127) 887-123290-0019
LOG (gmm-align-compiled[5.5.1139~1-67548]:main():gmm-align-compiled.cc:127) 887-123291-0033
LOG (gmm-align-compiled[5.5.1139~1-67548]:main():gmm-align-compiled.cc:127) 89-218-0043
LOG (gmm-align-compiled[5.5.1139~1-67548]:main():gmm-align-compiled.cc:127) 89-219-0001
LOG (gmm-align-compiled[5.5.1139~1-67548]:main():gmm-align-compiled.cc:127) 8975-270782-0112
LOG (gmm-align-compiled[5.5.1139~1-67548]:main():gmm-align-compiled.cc:127) 909-131041-0022
LOG (gmm-align-compiled[5.5.1139~1-67548]:main():gmm-align-compiled.cc:127) 909-131044-0021
LOG (gmm-align-compiled[5.5.1139~1-67548]:main():gmm-align-compiled.cc:127) 909-131045-0004
LOG (gmm-align-compiled[5.5.1139~1-67548]:main():gmm-align-compiled.cc:127) 911-128684-0026
LOG (apply-cmvn[5.5.1139~1-67548]:main():apply-cmvn.cc:162) Applied cepstral mean normalization to 142 utterances, errors on 0
LOG (gmm-align-compiled[5.5.1139~1-67548]:main():gmm-align-compiled.cc:127) 911-130578-0017
WARNING (gmm-align-compiled[5.5.1139~1-67548]:AlignUtteranceWrapper():decoder-wrappers.cc:617) Retrying utterance 911-130578-0017 with beam 40
LOG (gmm-align-compiled[5.5.1139~1-67548]:main():gmm-align-compiled.cc:135) Overall log-likelihood per frame is -108.109 over 181686 frames.
LOG (gmm-align-compiled[5.5.1139~1-67548]:main():gmm-align-compiled.cc:137) Retried 44 out of 142 utterances.
LOG (gmm-align-compiled[5.5.1139~1-67548]:main():gmm-align-compiled.cc:139) Done 141, errors on 1
# Accounting: time=34 threads=1
# Ended (code 0) at Sat Aug 31 07:44:08 UTC 2024, elapsed time 34 seconds
