# compile-train-graphs --read-disambig-syms=data/lang/phones/disambig.int exp/mono/tree exp/mono/0.mdl data/lang/L.fst "ark:sym2int.pl --map-oov 2 -f 2- data/lang/words.txt < data/train/split4/3/text|" "ark:|gzip -c >exp/mono/fsts.3.gz" 
# Started at Sat Aug 31 07:41:49 UTC 2024
#
compile-train-graphs --read-disambig-syms=data/lang/phones/disambig.int exp/mono/tree exp/mono/0.mdl data/lang/L.fst 'ark:sym2int.pl --map-oov 2 -f 2- data/lang/words.txt < data/train/split4/3/text|' 'ark:|gzip -c >exp/mono/fsts.3.gz' 
sym2int.pl: replacing GATHERING with 2
sym2int.pl: replacing UP with 2
sym2int.pl: replacing HIS with 2
sym2int.pl: replacing LEGS with 2
sym2int.pl: replacing SO with 2
sym2int.pl: replacing AS with 2
sym2int.pl: replacing TO with 2
sym2int.pl: replacing KEEP with 2
sym2int.pl: replacing OUT with 2
sym2int.pl: replacing OF with 2
sym2int.pl: replacing REACH with 2
sym2int.pl: replacing OF with 2
sym2int.pl: replacing THE with 2
sym2int.pl: replacing ALLIGATORS with 2
sym2int.pl: replacing AND with 2
sym2int.pl: replacing WITH with 2
sym2int.pl: replacing A with 2
sym2int.pl: replacing LONG with 2
sym2int.pl: replacing POLE with 2
sym2int.pl: replacing PUSHED with 2
sym2int.pl: not warning for OOVs any more times
** Replaced 5243 instances of OOVs with 2
LOG (compile-train-graphs[5.5.1139~1-67548]:main():compile-train-graphs.cc:147) compile-train-graphs: succeeded for 143 graphs, failed for 0
# Accounting: time=3 threads=1
# Ended (code 0) at Sat Aug 31 07:41:52 UTC 2024, elapsed time 3 seconds
